#
# A fatal error has been detected by the Java Runtime Environment:
#
#  Internal Error (jvmciRuntime.cpp:1609), pid=28, tid=44
#  fatal error: Fatal exception in JVMCI: Error calling jdk.vm.ci.services.Services.serializeSavedProperties
#
# JRE version: OpenJDK Runtime Environment GraalVM CE 22.3.0 (17.0.5+8) (build 17.0.5+8-jvmci-22.3-b08)
# Java VM: OpenJDK 64-Bit Server VM GraalVM CE 22.3.0 (17.0.5+8-jvmci-22.3-b08, mixed mode, sharing, tiered, jvmci, jvmci compiler, compressed oops, compressed class ptrs, parallel gc, linux-amd64)
# Problematic frame:
# V  [libjvm.so+0x972714]  JVMCIRuntime::fatal_exception(JVMCIEnv*, char const*)+0x74
#
# Core dump will be written. Default location: Core dumps may be processed with "/usr/share/apport/apport -p%p -s%s -c%c -d%d -P%P -u%u -g%g -- %E" (or dumping to /home/runner/AlgoBuild/core.28)
#
# If you would like to submit a bug report, please visit:
#   https://github.com/oracle/graal/issues
#

---------------  S U M M A R Y ------------

Command Line: -XX:ThreadPriorityPolicy=1 -XX:+UnlockExperimentalVMOptions -XX:+EnableJVMCIProduct -XX:JVMCIThreadsPerNativeLibraryRuntime=1 -XX:-UnlockExperimentalVMOptions -Declipse.application=org.eclipse.jdt.ls.core.id1 -Dosgi.bundles.defaultStartLevel=4 -Declipse.product=org.eclipse.jdt.ls.core.product -Dlog.level=ALL -Xverify:none -XX:+UseParallelGC -XX:GCTimeRatio=4 -XX:AdaptiveSizePolicyWeight=90 -Dsun.zip.disableMemoryMapping=true -Xmx512m -Xms100m /nix/store/m6gcpi1ii6rghy04cjwjddcavv7i90df-jdt-language-server-1.9.0/share/java/plugins/org.eclipse.equinox.launcher_1.6.400.v20210924-0641.jar --add-modules=ALL-SYSTEM --add-opens java.base/java.util=ALL-UNNAMED --add-opens java.base/java.lang=ALL-UNNAMED -configuration /home/runner/.cache/jdt-language-server/config -data /home/runner/.cache/jdt-language-server/data/home/runner/AlgoBuild

Host: AMD EPYC 7B12, 8 cores, 1G, Ubuntu 20.04.2 LTS
Time: Sun May 28 13:15:21 2023 UTC elapsed time: 371.014277 seconds (0d 0h 6m 11s)

---------------  T H R E A D  ---------------

Current thread (0x00007f16b00b21d0):  JavaThread "JVMCI-native CompilerThread0" daemon [_thread_in_vm, id=44, stack(0x00007f1695d18000,0x00007f1695f18000)]


Current CompileTask:
JVMCI-native: 371014 8589       4       java.nio.Buffer::remaining (20 bytes)

Stack: [0x00007f1695d18000,0x00007f1695f18000],  sp=0x00007f1695f16380,  free space=2040k
Native frames: (J=compiled Java code, j=interpreted, Vv=VM code, C=native code)
V  [libjvm.so+0x972714]  JVMCIRuntime::fatal_exception(JVMCIEnv*, char const*)+0x74
V  [libjvm.so+0x93e2fe]  JVMCIEnv::copy_saved_properties()+0x14e
V  [libjvm.so+0x9732a9]  JVMCIRuntime::initialize(JVMCIEnv*)+0xb19
V  [libjvm.so+0x9738a2]  JVMCIRuntime::get_HotSpotJVMCIRuntime(JVMCIEnv*)+0x12
V  [libjvm.so+0x9749f2]  JVMCIRuntime::compile_method(JVMCIEnv*, JVMCICompiler*, methodHandle const&, int)+0xd2
V  [libjvm.so+0x5b0d20]  CompileBroker::invoke_compiler_on_method(CompileTask*)+0x1470
V  [libjvm.so+0x5b12e8]  CompileBroker::compiler_thread_loop()+0x528
V  [libjvm.so+0xd82460]  JavaThread::thread_main_inner()+0xd0
V  [libjvm.so+0xd85a40]  Thread::call_run()+0xc0
V  [libjvm.so+0xbdb1e1]  thread_native_entry(Thread*)+0xe1

Register to memory mapping:

RAX=0x00007f16b5a8a000 points into unknown readable memory: 0x0000000000000058 | 58 00 00 00 00 00 00 00
RBX=0x00007f16b6b85398: <offset 0x0000000000ef5398> in /nix/store/gpxl5qgg8kicmcvivwmybwjlpf7wh20l-graalvm17-ce-22.3.0/lib/server/libjvm.so at 0x00007f16b5c90000
RCX=0x00007f16b6b3d1e8: <offset 0x0000000000ead1e8> in /nix/store/gpxl5qgg8kicmcvivwmybwjlpf7wh20l-graalvm17-ce-22.3.0/lib/server/libjvm.so at 0x00007f16b5c90000
RDX=0x0000000000000649 is an unknown value
RSP=0x00007f1695f16380 is pointing into the stack for thread: 0x00007f16b00b21d0
RBP=0x00007f1695f163a0 is pointing into the stack for thread: 0x00007f16b00b21d0
RSI=0x00007f16b6b85c48: <offset 0x0000000000ef5c48> in /nix/store/gpxl5qgg8kicmcvivwmybwjlpf7wh20l-graalvm17-ce-22.3.0/lib/server/libjvm.so at 0x00007f16b5c90000
RDI=0x00000000e0000000 is an oop: java.lang.String 
{0x00000000e0000000} - klass: 'java/lang/String'
 - string: "resolution"
R8 =0x00007f16b6b85398: <offset 0x0000000000ef5398> in /nix/store/gpxl5qgg8kicmcvivwmybwjlpf7wh20l-graalvm17-ce-22.3.0/lib/server/libjvm.so at 0x00007f16b5c90000
R9 =0x0000000000000003 is an unknown value
R10=0x00007f16b6ed6da0: <offset 0x0000000001246da0> in /nix/store/gpxl5qgg8kicmcvivwmybwjlpf7wh20l-graalvm17-ce-22.3.0/lib/server/libjvm.so at 0x00007f16b5c90000
R11=0x000000080044f048 is pointing into metadata
R12=0x0 is NULL
R13=0x00007f16b00b21d0 is a thread
R14=0x00007f16b0000b80 points into unknown readable memory: 0x00007f16b6db6a38 | 38 6a db b6 16 7f 00 00
R15=0x00007f16b6ec4e40: <offset 0x0000000001234e40> in /nix/store/gpxl5qgg8kicmcvivwmybwjlpf7wh20l-graalvm17-ce-22.3.0/lib/server/libjvm.so at 0x00007f16b5c90000


Registers:
RAX=0x00007f16b5a8a000, RBX=0x00007f16b6b85398, RCX=0x00007f16b6b3d1e8, RDX=0x0000000000000649
RSP=0x00007f1695f16380, RBP=0x00007f1695f163a0, RSI=0x00007f16b6b85c48, RDI=0x00000000e0000000
R8 =0x00007f16b6b85398, R9 =0x0000000000000003, R10=0x00007f16b6ed6da0, R11=0x000000080044f048
R12=0x0000000000000000, R13=0x00007f16b00b21d0, R14=0x00007f16b0000b80, R15=0x00007f16b6ec4e40
RIP=0x00007f16b6602714, EFLAGS=0x0000000000010206, CSGSFS=0x002b000000000033, ERR=0x0000000000000006
  TRAPNO=0x000000000000000e

Top of Stack: (sp=0x00007f1695f16380)
0x00007f1695f16380:   00007f1695f16940 00007f16b00b21d0
0x00007f1695f16390:   00007f16b441b8c8 0000000800c417a0
0x00007f1695f163a0:   00007f1695f16500 00007f16b65ce2fe
0x00007f1695f163b0:   00007f1695f163e0 00007f1695f16440 

Instructions: (pc=0x00007f16b6602714)
0x00007f16b6602614:   30 e8 f6 cf e8 ff 4c 89 e7 e8 2e 48 d1 ff 84 db
0x00007f16b6602624:   75 2a 4d 85 ed 74 04 4d 8b 6d 00 48 83 c4 08 44
0x00007f16b6602634:   89 f9 4c 89 f2 4c 89 ee 5b 4c 89 e7 41 5c 41 5d
0x00007f16b6602644:   41 5e 41 5f 5d e9 e2 47 d1 ff 66 90 48 83 c4 08
0x00007f16b6602654:   5b 41 5c 41 5d 41 5e 41 5f 5d c3 90 31 d2 be 08
0x00007f16b6602664:   00 00 00 4c 89 ff e8 b1 78 a3 ff 49 89 c5 e9 37
0x00007f16b6602674:   ff ff ff 66 0f 1f 84 00 00 00 00 00 48 8b 7a 08
0x00007f16b6602684:   e9 6d ff ff ff 0f 1f 80 00 00 00 00 e8 5b 48 0a
0x00007f16b6602694:   00 84 c0 75 89 e9 6a ff ff ff 66 90 55 48 89 e5
0x00007f16b66026a4:   41 56 41 55 41 54 49 89 fc 53 48 89 f3 66 48 8d
0x00007f16b66026b4:   3d 27 5e 85 00 66 66 48 e8 df 43 8d ff 4c 8b 28
0x00007f16b66026c4:   8b 05 be 72 8a 00 85 c0 75 14 ba 01 00 00 00 48
0x00007f16b66026d4:   8d 0d ae 72 8a 00 f0 0f b1 11 85 c0 74 4e be c8
0x00007f16b66026e4:   00 00 00 4c 89 ef e8 01 0b 41 00 48 8d 05 12 ac
0x00007f16b66026f4:   85 00 49 89 d8 48 8d 0d e8 aa 53 00 ba 49 06 00
0x00007f16b6602704:   00 48 8d 35 3c 35 58 00 bf 00 00 00 e0 48 8b 00
0x00007f16b6602714:   c6 00 58 31 c0 e8 e2 91 c6 ff 5b 41 5c 41 5d 41
0x00007f16b6602724:   5e 5d e9 55 34 26 00 0f 1f 44 00 00 48 8d 05 81
0x00007f16b6602734:   a3 8b 00 48 89 df 4c 8b 30 e8 9e 43 8d ff 48 89
0x00007f16b6602744:   de 48 89 c2 49 8b 06 4c 89 f7 ff 50 08 4c 89 f7
0x00007f16b6602754:   e8 a7 5c 27 00 4d 85 e4 74 12 be 01 00 00 00 4c
0x00007f16b6602764:   89 e7 e8 35 43 fc ff eb 82 0f 1f 00 be 01 00 00
0x00007f16b6602774:   00 4c 89 ef e8 d3 fd ff ff e9 6d ff ff ff 66 66
0x00007f16b6602784:   2e 0f 1f 84 00 00 00 00 00 0f 1f 00 55 48 89 e5
0x00007f16b6602794:   41 57 41 56 41 55 41 54 53 48 81 ec 08 02 00 00
0x00007f16b66027a4:   64 48 8b 04 25 28 00 00 00 48 89 45 c8 8b 07 83
0x00007f16b66027b4:   f8 02 0f 84 11 04 00 00 4c 8b 6f 18 49 89 ff 49
0x00007f16b66027c4:   89 f4 4d 85 ed 74 14 4c 89 ef e8 5d 57 22 00 41
0x00007f16b66027d4:   8b 07 83 f8 02 0f 84 19 04 00 00 48 8d 1d 9a 06
0x00007f16b66027e4:   8a 00 4c 8d 35 0b 3c 58 00 eb 38 90 48 85 d2 7f
0x00007f16b66027f4:   0d 48 8d 05 b4 c0 85 00 48 83 38 00 7e 0e 41 8b
0x00007f16b6602804:   77 2c 4c 89 f7 31 c0 e8 a0 b2 f7 ff 49 8b 7f 18 


Stack slot to memory mapping:
stack at sp + 0 slots: 0x00007f1695f16940 is pointing into the stack for thread: 0x00007f16b00b21d0
stack at sp + 1 slots: 0x00007f16b00b21d0 is a thread
stack at sp + 2 slots: 0x00007f16b441b8c8 points into unknown readable memory: 0x6573001880c9ffff | ff ff c9 80 18 00 73 65
stack at sp + 3 slots: 0x0000000800c417a0 is a pointer to class: 
jdk.vm.ci.services.Services {0x0000000800c417a0}
 - instance size:     2
 - klass size:        65
 - access:            public final synchronized 
 - state:             fully_initialized
 - name:              'jdk/vm/ci/services/Services'
 - super:             'java/lang/Object'
 - sub:               
 - arrays:            NULL
 - methods:           Array<T>(0x00007f16968440a8)
 - method ordering:   Array<T>(0x0000000800928960)
 - default_methods:   Array<T>(0x0000000000000000)
 - local interfaces:  Array<T>(0x00000008005ce810)
 - trans. interfaces: Array<T>(0x00000008005ce810)
 - constants:         constant pool [427] {0x00007f1696843188} for 'jdk/vm/ci/services/Services' cache=0x00007f1696845378
 - class loader data:  loader data: 0x00007f16b00283f0 of 'bootstrap'
 - source file:       'Services.java'
 - class annotations:       Array<T>(0x0000000000000000)
 - class type annotations:  Array<T>(0x0000000000000000)
 - field annotations:       Array<T>(0x0000000000000000)
 - field type annotations:  Array<T>(0x0000000000000000)
 - inner classes:     Array<T>(0x00007f1696845348)
 - nest members:     Array<T>(0x00007f1696845368)
 - permitted subclasses:     Array<T>(0x00000008005ce7a0)
 - java mirror:       a 'java/lang/Class'{0x00000000e0147030} = 'jdk/vm/ci/services/Services'
 - vtable length      5  (start addr: 0x0000000800c41970)
 - itable length      2 (start addr: 0x0000000800c41998)
 - ---- static fields (3 words):
 - public static final 'IS_BUILDING_NATIVE_IMAGE' 'Z' @128 
 - public static final 'IS_IN_NATIVE_IMAGE' 'Z' @129 
 - private static volatile 'savedProperties' 'Ljava/util/Map;' @112 
 - static final 'JVMCI_ENABLED' 'Z' @130 
 - private static final 'servicesCache' 'Ljava/util/Map;' @116 
 - private static final 'MAX_UNICODE_IN_UTF8_LENGTH' 'I' @120 
 - private static final 'MAX_UTF8_PROPERTY_STRING_LENGTH' 'I' @124 
 - ---- non-static fields (0 words):
 - non-static oop maps: 
stack at sp + 4 slots: 0x00007f1695f16500 is pointing into the stack for thread: 0x00007f16b00b21d0
stack at sp + 5 slots: 0x00007f16b65ce2fe: <offset 0x000000000093e2fe> in /nix/store/gpxl5qgg8kicmcvivwmybwjlpf7wh20l-graalvm17-ce-22.3.0/lib/server/libjvm.so at 0x00007f16b5c90000
stack at sp + 6 slots: 0x00007f1695f163e0 is pointing into the stack for thread: 0x00007f16b00b21d0
stack at sp + 7 slots: 0x00007f1695f16440 is pointing into the stack for thread: 0x00007f16b00b21d0


---------------  P R O C E S S  ---------------

Threads class SMR info:
_java_thread_list=0x00007f1614003150, length=27, elements={
0x00007f16b0026690, 0x00007f16b00a64d0, 0x00007f16b00a7910, 0x00007f16b00ae040,
0x00007f16b00af3f0, 0x00007f16b00b07e0, 0x00007f16b00b21d0, 0x00007f16b00b36e0,
0x00007f16b00b4740, 0x00007f16b00d7830, 0x00007f16b011f7f0, 0x00007f16b032b200,
0x00007f16b035ea00, 0x00007f16b0360850, 0x00007f16b06130e0, 0x00007f164401a7d0,
0x00007f16442a2440, 0x00007f1644304d50, 0x00007f16380010d0, 0x00007f1644482fa0,
0x00007f16445efcb0, 0x00007f16b0386850, 0x00007f16b04b66b0, 0x00007f161c000ff0,
0x00007f16404211d0, 0x00007f1640421750, 0x00007f1610005760
}

Java Threads: ( => current thread )
  0x00007f16b0026690 JavaThread "main" [_thread_blocked, id=36, stack(0x00007f16b5aab000,0x00007f16b5bab000)]
  0x00007f16b00a64d0 JavaThread "Reference Handler" daemon [_thread_blocked, id=39, stack(0x00007f16965fe000,0x00007f16966fe000)]
  0x00007f16b00a7910 JavaThread "Finalizer" daemon [_thread_blocked, id=40, stack(0x00007f16964fe000,0x00007f16965fe000)]
  0x00007f16b00ae040 JavaThread "Signal Dispatcher" daemon [_thread_blocked, id=41, stack(0x00007f1696118000,0x00007f1696218000)]
  0x00007f16b00af3f0 JavaThread "Service Thread" daemon [_thread_blocked, id=42, stack(0x00007f1696018000,0x00007f1696118000)]
  0x00007f16b00b07e0 JavaThread "Monitor Deflation Thread" daemon [_thread_blocked, id=43, stack(0x00007f1695f18000,0x00007f1696018000)]
=>0x00007f16b00b21d0 JavaThread "JVMCI-native CompilerThread0" daemon [_thread_in_vm, id=44, stack(0x00007f1695d18000,0x00007f1695f18000)]
  0x00007f16b00b36e0 JavaThread "C1 CompilerThread0" daemon [_thread_blocked, id=45, stack(0x00007f1695b18000,0x00007f1695d18000)]
  0x00007f16b00b4740 JavaThread "Sweeper thread" daemon [_thread_blocked, id=46, stack(0x00007f1695a18000,0x00007f1695b18000)]
  0x00007f16b00d7830 JavaThread "Common-Cleaner" daemon [_thread_blocked, id=48, stack(0x00007f1695918000,0x00007f1695a18000)]
  0x00007f16b011f7f0 JavaThread "Notification Thread" daemon [_thread_blocked, id=49, stack(0x00007f1695818000,0x00007f1695918000)]
  0x00007f16b032b200 JavaThread "Active Thread: Equinox Container: 8dfbe51e-2711-4721-8cee-906e7e5059cc" [_thread_blocked, id=62, stack(0x00007f1694400000,0x00007f1694500000)]
  0x00007f16b035ea00 JavaThread "Framework Event Dispatcher: Equinox Container: 8dfbe51e-2711-4721-8cee-906e7e5059cc" daemon [_thread_blocked, id=63, stack(0x00007f1694200000,0x00007f1694300000)]
  0x00007f16b0360850 JavaThread "Start Level: Equinox Container: 8dfbe51e-2711-4721-8cee-906e7e5059cc" daemon [_thread_blocked, id=64, stack(0x00007f1694000000,0x00007f1694100000)]
  0x00007f16b06130e0 JavaThread "Refresh Thread: Equinox Container: 8dfbe51e-2711-4721-8cee-906e7e5059cc" daemon [_thread_blocked, id=74, stack(0x00007f165db00000,0x00007f165dc00000)]
  0x00007f164401a7d0 JavaThread "SCR Component Actor" daemon [_thread_blocked, id=75, stack(0x00007f165d900000,0x00007f165da00000)]
  0x00007f16442a2440 JavaThread "Worker-JM" [_thread_blocked, id=85, stack(0x00007f165d500000,0x00007f165d600000)]
  0x00007f1644304d50 JavaThread "Worker-0" [_thread_blocked, id=86, stack(0x00007f165d300000,0x00007f165d400000)]
  0x00007f16380010d0 JavaThread "Worker-1: Java indexing... " [_thread_blocked, id=90, stack(0x00007f165d100000,0x00007f165d200000)]
  0x00007f1644482fa0 JavaThread "Java indexing" daemon [_thread_blocked, id=97, stack(0x00007f165cf00000,0x00007f165d000000)]
  0x00007f16445efcb0 JavaThread "Bundle File Closer" daemon [_thread_blocked, id=98, stack(0x00007f165cd00000,0x00007f165ce00000)]
  0x00007f16b0386850 JavaThread "pool-3-thread-1" [_thread_blocked, id=106, stack(0x00007f165cb00000,0x00007f165cc00000)]
  0x00007f16b04b66b0 JavaThread "pool-2-thread-1" [_thread_in_native, id=109, stack(0x00007f165c700000,0x00007f165c800000)]
  0x00007f161c000ff0 JavaThread "Worker-3" [_thread_blocked, id=110, stack(0x00007f165d700000,0x00007f165d800000)]
  0x00007f16404211d0 JavaThread "OkHttp repo.maven.apache.org" [_thread_blocked, id=182, stack(0x00007f165c300000,0x00007f165c400000)]
  0x00007f1640421750 JavaThread "OkHttp ConnectionPool" daemon [_thread_blocked, id=183, stack(0x00007f165d200000,0x00007f165d300000)]
  0x00007f1610005760 JavaThread "OkHttp repo.maven.apache.org Writer" [_thread_blocked, id=184, stack(0x00007f165d000000,0x00007f165d100000)]

Other Threads:
  0x00007f16b00a1c10 VMThread "VM Thread" [stack: 0x00007f1696700000,0x00007f1696800000] [id=38] _threads_hazard_ptr=0x00007f1614003150
  0x00007f16b0121190 WatcherThread [stack: 0x00007f1695718000,0x00007f1695818000] [id=50]
  0x00007f16b003df30 GCTaskThread "GC Thread#0" [stack: 0x00007f16b566e000,0x00007f16b576e000] [id=37]

Threads with active compile tasks:
JVMCI-native CompilerThread0   371093 8589       4       java.nio.Buffer::remaining (20 bytes)

VM state: synchronizing (normal execution)

VM Mutex/Monitor currently owned by a thread:  ([mutex/lock_event])
[0x00007f16b0023840] Threads_lock - owner thread: 0x00007f16b00a1c10
[0x00007f16b0023ff0] Heap_lock - owner thread: 0x00007f16404211d0

OutOfMemory and StackOverflow Exception counts:
OutOfMemoryError java_heap_errors=1
LinkageErrors=66

Heap address: 0x00000000e0000000, size: 512 MB, Compressed Oops mode: 32-bit

CDS archive(s) mapped at: [0x0000000800000000-0x0000000800bc8000-0x0000000800bc8000), size 12353536, SharedBaseAddress: 0x0000000800000000, ArchiveRelocationMode: 0.
Compressed class space mapped at: 0x0000000800c00000-0x0000000840c00000, reserved size: 1073741824
Narrow klass base: 0x0000000800000000, Narrow klass shift: 0, Narrow klass range: 0x100000000

GC Precious Log:
 CPUs: 8 total, 1 available
 Memory: 1024M
 Large Page Support: Disabled
 NUMA Support: Disabled
 Compressed Oops: Enabled (32-bit)
 Alignments: Space 512K, Generation 512K, Heap 2M
 Heap Min Capacity: 100M
 Heap Initial Capacity: 100M
 Heap Max Capacity: 512M
 Pre-touch: Disabled
 Parallel Workers: 1

Heap:
 PSYoungGen      total 41984K, used 28159K [0x00000000f5580000, 0x00000000f8d80000, 0x0000000100000000)
  eden space 28160K, 99% used [0x00000000f5580000,0x00000000f70fffe8,0x00000000f7100000)
  from space 13824K, 0% used [0x00000000f7100000,0x00000000f7100000,0x00000000f7e80000)
  to   space 13312K, 0% used [0x00000000f7f00000,0x00000000f7f00000,0x00000000f8c00000)
 ParOldGen       total 349696K, used 349693K [0x00000000e0000000, 0x00000000f5580000, 0x00000000f5580000)
  object space 349696K, 99% used [0x00000000e0000000,0x00000000f557f7c8,0x00000000f5580000)
 Metaspace       used 58809K, committed 59968K, reserved 1105920K
  class space    used 5842K, committed 6336K, reserved 1048576K

Card table byte_map: [0x00007f16b576e000,0x00007f16b586f000] _byte_map_base: 0x00007f16b506e000

Marking Bits: (ParMarkBitMap*) 0x00007f16b6ebe4c0
 Begin Bits: [0x00007f16b45c1000, 0x00007f16b4dc1000)
 End Bits:   [0x00007f16b4dc1000, 0x00007f16b55c1000)

Polling page: 0x00007f16b5a88000

Metaspace:

Usage:
  Non-class:     51.73 MB used.
      Class:      5.71 MB used.
       Both:     57.43 MB used.

Virtual space:
  Non-class space:       56.00 MB reserved,      52.38 MB ( 94%) committed,  7 nodes.
      Class space:        1.00 GB reserved,       6.19 MB ( <1%) committed,  1 nodes.
             Both:        1.05 GB reserved,      58.56 MB (  5%) committed. 

Chunk freelists:
   Non-Class:  3.38 MB
       Class:  1.93 MB
        Both:  5.31 MB

MaxMetaspaceSize: unlimited
CompressedClassSpaceSize: 1.00 GB
Initial GC threshold: 21.00 MB
Current GC threshold: 97.62 MB
CDS: on
MetaspaceReclaimPolicy: balanced
 - commit_granule_bytes: 65536.
 - commit_granule_words: 8192.
 - virtual_space_node_default_size: 1048576.
 - enlarge_chunks_in_place: 1.
 - new_chunks_are_fully_committed: 0.
 - uncommit_free_chunks: 1.
 - use_allocation_guard: 0.
 - handle_deallocations: 1.


Internal statistics:

num_allocs_failed_limit: 6.
num_arena_births: 496.
num_arena_deaths: 148.
num_vsnodes_births: 8.
num_vsnodes_deaths: 0.
num_space_committed: 936.
num_space_uncommitted: 0.
num_chunks_returned_to_freelist: 209.
num_chunks_taken_from_freelist: 2785.
num_chunk_merges: 86.
num_chunk_splits: 1807.
num_chunks_enlarged: 1125.
num_purges: 2.
num_inconsistent_stats: 0.

CodeHeap 'non-profiled nmethods': size=120036Kb used=2457Kb max_used=2645Kb free=117578Kb
 bounds [0x00007f169ef7a000, 0x00007f169f21a000, 0x00007f16a64b3000]
CodeHeap 'profiled nmethods': size=120032Kb used=12883Kb max_used=15580Kb free=107148Kb
 bounds [0x00007f1697a42000, 0x00007f1698982000, 0x00007f169ef7a000]
CodeHeap 'non-nmethods': size=5692Kb used=1379Kb max_used=1405Kb free=4312Kb
 bounds [0x00007f16974b3000, 0x00007f1697723000, 0x00007f1697a42000]
 total_blobs=7272 nmethods=6557 adapters=628
 compilation: enabled
              stopped_count=0, restarted_count=0
 full_count=0

JVMCI Events (20 events):
Event: 75.925 Thread 0x00007f16b00b21d0 destroyed JavaVM[1]@0x00007f169519e340 for JVMCI runtime 0
Event: 75.925 Thread 0x00007f16b00b21d0 compacted oop handles in JVMCI runtime 0 from 83 to 83
Event: 75.925 Thread 0x00007f16b00b21d0 releasing handles for JVMCI runtime 0: oop handles=83, metadata handles={total=1248, live=745, blocks=39}
Event: 75.925 Thread 0x00007f16b00b21d0 detached from JVMCI runtime 0
Event: 129.020 Thread 0x00007f16b00b21d0 attached to JVMCI runtime 0
Event: 129.021 Thread 0x00007f16b00b21d0 created JavaVM[2]@0x00007f165b79e340 for JVMCI runtime 0
Event: 130.528 Thread 0x00007f16b00b21d0 initializing JVMCI runtime 0
Event: 130.528 Thread 0x00007f16b00b21d0 done waiting for JavaVM references initialization in JVMCI runtime 0
Event: 172.414 Thread 0x00007f16b00b21d0 initialized JVMCI runtime 0
Event: 184.596 Thread 0x00007f16b00b21d0 detaching from JVMCI runtime 0: releasing idle compiler thread (0 other threads still attached)
Event: 184.596 Thread 0x00007f16b00b21d0 shutting down HotSpotJVMCIRuntime for JVMCI runtime 0
Event: 184.596 Thread 0x00007f16b00b21d0 shut down JVMCI runtime 0
Event: 184.597 Thread 0x00007f16b00b21d0 destroyed JavaVM[2]@0x00007f165b79e340 for JVMCI runtime 0
Event: 184.597 Thread 0x00007f16b00b21d0 compacted oop handles in JVMCI runtime 0 from 45 to 45
Event: 184.597 Thread 0x00007f16b00b21d0 releasing handles for JVMCI runtime 0: oop handles=45, metadata handles={total=90, live=78, blocks=39}
Event: 184.597 Thread 0x00007f16b00b21d0 detached from JVMCI runtime 0
Event: 354.097 Thread 0x00007f16b00b21d0 attached to JVMCI runtime 0
Event: 354.098 Thread 0x00007f16b00b21d0 created JavaVM[3]@0x00007f165b79e340 for JVMCI runtime 0
Event: 355.320 Thread 0x00007f16b00b21d0 initializing JVMCI runtime 0
Event: 355.320 Thread 0x00007f16b00b21d0 done waiting for JavaVM references initialization in JVMCI runtime 0

Compilation events (20 events):
Event: 73.789 Thread 0x00007f16b00b21d0 nmethod 8531 0x00007f169f0a5e90 code [0x00007f169f0a6020, 0x00007f169f0a60f0]
Event: 73.789 Thread 0x00007f16b00b21d0 8532       4       org.eclipse.jdt.core.Signature::appendTypeSignature (513 bytes)
Event: 73.805 Thread 0x00007f16b00b21d0 nmethod 8532 0x00007f169f0e8890 code [0x00007f169f0e8a20, 0x00007f169f0e8b10]
Event: 73.805 Thread 0x00007f16b00b21d0 8554       4       org.eclipse.jdt.internal.core.util.Util::quickSort (107 bytes)
Event: 73.909 Thread 0x00007f16b00b21d0 nmethod 8554 0x00007f169f0b1e90 code [0x00007f169f0b2080, 0x00007f169f0b2b80]
Event: 83.521 Thread 0x00007f16b00b36e0 8582       3       org.eclipse.core.runtime.jobs.Job::isSystem (5 bytes)
Event: 83.521 Thread 0x00007f16b00b36e0 nmethod 8582 0x00007f1697ad4f90 code [0x00007f1697ad5140, 0x00007f1697ad52f0]
Event: 83.522 Thread 0x00007f16b00b36e0 8583       3       org.eclipse.core.internal.jobs.InternalJob::isSystem (15 bytes)
Event: 83.522 Thread 0x00007f16b00b36e0 nmethod 8583 0x00007f1697c50910 code [0x00007f1697c50ac0, 0x00007f1697c50c30]
Event: 83.522 Thread 0x00007f16b00b36e0 8584       3       jdk.internal.misc.Unsafe::putReferenceOpaque (9 bytes)
Event: 83.522 Thread 0x00007f16b00b36e0 nmethod 8584 0x00007f1697b0c290 code [0x00007f1697b0c420, 0x00007f1697b0c550]
Event: 94.805 Thread 0x00007f16b00b36e0 8585   !   3       org.eclipse.jdt.ls.core.internal.CancellableProgressMonitor::isCanceled (33 bytes)
Event: 98.695 Thread 0x00007f16b00b36e0 nmethod 8585 0x00007f1697edb690 code [0x00007f1697edb8a0, 0x00007f1697edc660]
Event: 107.523 Thread 0x00007f16b00b36e0 8586       3       java.util.concurrent.locks.LockSupport::setBlocker (12 bytes)
Event: 107.523 Thread 0x00007f16b00b36e0 nmethod 8586 0x00007f1697b10c90 code [0x00007f1697b10e40, 0x00007f1697b10f60]
Event: 129.020 Thread 0x00007f16b00b21d0 8587       4       java.lang.AbstractStringBuilder::appendChars (207 bytes)
Event: 183.495 Thread 0x00007f16b00b21d0 nmethod 8587 0x00007f169f198b10 code [0x00007f169f198ca0, 0x00007f169f198e58]
Event: 283.614 Thread 0x00007f16b00b36e0 8588  s    3       org.eclipse.jdt.internal.core.search.processing.JobManager::currentJob (35 bytes)
Event: 283.615 Thread 0x00007f16b00b36e0 nmethod 8588 0x00007f1697cb7490 code [0x00007f1697cb7660, 0x00007f1697cb7fb0]
Event: 354.097 Thread 0x00007f16b00b21d0 8589       4       java.nio.Buffer::remaining (20 bytes)

GC Heap History (20 events):
Event: 356.687 GC heap before
{Heap before GC invocations=305 (full 204):
 PSYoungGen      total 41984K, used 28160K [0x00000000f5580000, 0x00000000f8d80000, 0x0000000100000000)
  eden space 28160K, 100% used [0x00000000f5580000,0x00000000f7100000,0x00000000f7100000)
  from space 13824K, 0% used [0x00000000f7100000,0x00000000f7100000,0x00000000f7e80000)
  to   space 13312K, 0% used [0x00000000f7f00000,0x00000000f7f00000,0x00000000f8c00000)
 ParOldGen       total 349696K, used 349689K [0x00000000e0000000, 0x00000000f5580000, 0x00000000f5580000)
  object space 349696K, 99% used [0x00000000e0000000,0x00000000f557e4e8,0x00000000f5580000)
 Metaspace       used 58809K, committed 59968K, reserved 1105920K
  class space    used 5842K, committed 6336K, reserved 1048576K
}
Event: 358.494 GC heap after
{Heap after GC invocations=305 (full 204):
 PSYoungGen      total 41472K, used 28159K [0x00000000f5580000, 0x00000000f8d80000, 0x0000000100000000)
  eden space 28160K, 99% used [0x00000000f5580000,0x00000000f70fff50,0x00000000f7100000)
  from space 13312K, 0% used [0x00000000f7f00000,0x00000000f7f00000,0x00000000f8c00000)
  to   space 13824K, 0% used [0x00000000f7100000,0x00000000f7100000,0x00000000f7e80000)
 ParOldGen       total 349696K, used 349689K [0x00000000e0000000, 0x00000000f5580000, 0x00000000f5580000)
  object space 349696K, 99% used [0x00000000e0000000,0x00000000f557e4c8,0x00000000f5580000)
 Metaspace       used 58809K, committed 59968K, reserved 1105920K
  class space    used 5842K, committed 6336K, reserved 1048576K
}
Event: 358.494 GC heap before
{Heap before GC invocations=306 (full 205):
 PSYoungGen      total 41472K, used 28159K [0x00000000f5580000, 0x00000000f8d80000, 0x0000000100000000)
  eden space 28160K, 99% used [0x00000000f5580000,0x00000000f70fffc0,0x00000000f7100000)
  from space 13312K, 0% used [0x00000000f7f00000,0x00000000f7f00000,0x00000000f8c00000)
  to   space 13824K, 0% used [0x00000000f7100000,0x00000000f7100000,0x00000000f7e80000)
 ParOldGen       total 349696K, used 349689K [0x00000000e0000000, 0x00000000f5580000, 0x00000000f5580000)
  object space 349696K, 99% used [0x00000000e0000000,0x00000000f557e4c8,0x00000000f5580000)
 Metaspace       used 58809K, committed 59968K, reserved 1105920K
  class space    used 5842K, committed 6336K, reserved 1048576K
}
Event: 360.003 GC heap after
{Heap after GC invocations=306 (full 205):
 PSYoungGen      total 41984K, used 28159K [0x00000000f5580000, 0x00000000f8d80000, 0x0000000100000000)
  eden space 28160K, 99% used [0x00000000f5580000,0x00000000f70fffc0,0x00000000f7100000)
  from space 13824K, 0% used [0x00000000f7100000,0x00000000f7100000,0x00000000f7e80000)
  to   space 13312K, 0% used [0x00000000f7f00000,0x00000000f7f00000,0x00000000f8c00000)
 ParOldGen       total 349696K, used 349689K [0x00000000e0000000, 0x00000000f5580000, 0x00000000f5580000)
  object space 349696K, 99% used [0x00000000e0000000,0x00000000f557e4c8,0x00000000f5580000)
 Metaspace       used 58809K, committed 59968K, reserved 1105920K
  class space    used 5842K, committed 6336K, reserved 1048576K
}
Event: 360.008 GC heap before
{Heap before GC invocations=307 (full 206):
 PSYoungGen      total 41984K, used 28160K [0x00000000f5580000, 0x00000000f8d80000, 0x0000000100000000)
  eden space 28160K, 100% used [0x00000000f5580000,0x00000000f7100000,0x00000000f7100000)
  from space 13824K, 0% used [0x00000000f7100000,0x00000000f7100000,0x00000000f7e80000)
  to   space 13312K, 0% used [0x00000000f7f00000,0x00000000f7f00000,0x00000000f8c00000)
 ParOldGen       total 349696K, used 349692K [0x00000000e0000000, 0x00000000f5580000, 0x00000000f5580000)
  object space 349696K, 99% used [0x00000000e0000000,0x00000000f557f040,0x00000000f5580000)
 Metaspace       used 58809K, committed 59968K, reserved 1105920K
  class space    used 5842K, committed 6336K, reserved 1048576K
}
Event: 361.523 GC heap after
{Heap after GC invocations=307 (full 206):
 PSYoungGen      total 41472K, used 28159K [0x00000000f5580000, 0x00000000f8d80000, 0x0000000100000000)
  eden space 28160K, 99% used [0x00000000f5580000,0x00000000f70fffc0,0x00000000f7100000)
  from space 13312K, 0% used [0x00000000f7f00000,0x00000000f7f00000,0x00000000f8c00000)
  to   space 13824K, 0% used [0x00000000f7100000,0x00000000f7100000,0x00000000f7e80000)
 ParOldGen       total 349696K, used 349689K [0x00000000e0000000, 0x00000000f5580000, 0x00000000f5580000)
  object space 349696K, 99% used [0x00000000e0000000,0x00000000f557e470,0x00000000f5580000)
 Metaspace       used 58809K, committed 59968K, reserved 1105920K
  class space    used 5842K, committed 6336K, reserved 1048576K
}
Event: 361.523 GC heap before
{Heap before GC invocations=308 (full 207):
 PSYoungGen      total 41472K, used 28159K [0x00000000f5580000, 0x00000000f8d80000, 0x0000000100000000)
  eden space 28160K, 99% used [0x00000000f5580000,0x00000000f70ffff8,0x00000000f7100000)
  from space 13312K, 0% used [0x00000000f7f00000,0x00000000f7f00000,0x00000000f8c00000)
  to   space 13824K, 0% used [0x00000000f7100000,0x00000000f7100000,0x00000000f7e80000)
 ParOldGen       total 349696K, used 349689K [0x00000000e0000000, 0x00000000f5580000, 0x00000000f5580000)
  object space 349696K, 99% used [0x00000000e0000000,0x00000000f557e470,0x00000000f5580000)
 Metaspace       used 58809K, committed 59968K, reserved 1105920K
  class space    used 5842K, committed 6336K, reserved 1048576K
}
Event: 363.215 GC heap after
{Heap after GC invocations=308 (full 207):
 PSYoungGen      total 41984K, used 28159K [0x00000000f5580000, 0x00000000f8d80000, 0x0000000100000000)
  eden space 28160K, 99% used [0x00000000f5580000,0x00000000f70fffd8,0x00000000f7100000)
  from space 13824K, 0% used [0x00000000f7100000,0x00000000f7100000,0x00000000f7e80000)
  to   space 13312K, 0% used [0x00000000f7f00000,0x00000000f7f00000,0x00000000f8c00000)
 ParOldGen       total 349696K, used 349689K [0x00000000e0000000, 0x00000000f5580000, 0x00000000f5580000)
  object space 349696K, 99% used [0x00000000e0000000,0x00000000f557e470,0x00000000f5580000)
 Metaspace       used 58809K, committed 59968K, reserved 1105920K
  class space    used 5842K, committed 6336K, reserved 1048576K
}
Event: 363.216 GC heap before
{Heap before GC invocations=309 (full 208):
 PSYoungGen      total 41984K, used 28159K [0x00000000f5580000, 0x00000000f8d80000, 0x0000000100000000)
  eden space 28160K, 99% used [0x00000000f5580000,0x00000000f70ffff0,0x00000000f7100000)
  from space 13824K, 0% used [0x00000000f7100000,0x00000000f7100000,0x00000000f7e80000)
  to   space 13312K, 0% used [0x00000000f7f00000,0x00000000f7f00000,0x00000000f8c00000)
 ParOldGen       total 349696K, used 349689K [0x00000000e0000000, 0x00000000f5580000, 0x00000000f5580000)
  object space 349696K, 99% used [0x00000000e0000000,0x00000000f557e470,0x00000000f5580000)
 Metaspace       used 58809K, committed 59968K, reserved 1105920K
  class space    used 5842K, committed 6336K, reserved 1048576K
}
Event: 364.791 GC heap after
{Heap after GC invocations=309 (full 208):
 PSYoungGen      total 41472K, used 28159K [0x00000000f5580000, 0x00000000f8d80000, 0x0000000100000000)
  eden space 28160K, 99% used [0x00000000f5580000,0x00000000f70fffd0,0x00000000f7100000)
  from space 13312K, 0% used [0x00000000f7f00000,0x00000000f7f00000,0x00000000f8c00000)
  to   space 13824K, 0% used [0x00000000f7100000,0x00000000f7100000,0x00000000f7e80000)
 ParOldGen       total 349696K, used 349689K [0x00000000e0000000, 0x00000000f5580000, 0x00000000f5580000)
  object space 349696K, 99% used [0x00000000e0000000,0x00000000f557e470,0x00000000f5580000)
 Metaspace       used 58809K, committed 59968K, reserved 1105920K
  class space    used 5842K, committed 6336K, reserved 1048576K
}
Event: 364.791 GC heap before
{Heap before GC invocations=310 (full 209):
 PSYoungGen      total 41472K, used 28160K [0x00000000f5580000, 0x00000000f8d80000, 0x0000000100000000)
  eden space 28160K, 100% used [0x00000000f5580000,0x00000000f7100000,0x00000000f7100000)
  from space 13312K, 0% used [0x00000000f7f00000,0x00000000f7f00000,0x00000000f8c00000)
  to   space 13824K, 0% used [0x00000000f7100000,0x00000000f7100000,0x00000000f7e80000)
 ParOldGen       total 349696K, used 349689K [0x00000000e0000000, 0x00000000f5580000, 0x00000000f5580000)
  object space 349696K, 99% used [0x00000000e0000000,0x00000000f557e470,0x00000000f5580000)
 Metaspace       used 58809K, committed 59968K, reserved 1105920K
  class space    used 5842K, committed 6336K, reserved 1048576K
}
Event: 366.117 GC heap after
{Heap after GC invocations=310 (full 209):
 PSYoungGen      total 41984K, used 28160K [0x00000000f5580000, 0x00000000f8d80000, 0x0000000100000000)
  eden space 28160K, 100% used [0x00000000f5580000,0x00000000f7100000,0x00000000f7100000)
  from space 13824K, 0% used [0x00000000f7100000,0x00000000f7100000,0x00000000f7e80000)
  to   space 13312K, 0% used [0x00000000f7f00000,0x00000000f7f00000,0x00000000f8c00000)
 ParOldGen       total 349696K, used 349689K [0x00000000e0000000, 0x00000000f5580000, 0x00000000f5580000)
  object space 349696K, 99% used [0x00000000e0000000,0x00000000f557e470,0x00000000f5580000)
 Metaspace       used 58809K, committed 59968K, reserved 1105920K
  class space    used 5842K, committed 6336K, reserved 1048576K
}
Event: 366.127 GC heap before
{Heap before GC invocations=311 (full 210):
 PSYoungGen      total 41984K, used 28160K [0x00000000f5580000, 0x00000000f8d80000, 0x0000000100000000)
  eden space 28160K, 100% used [0x00000000f5580000,0x00000000f7100000,0x00000000f7100000)
  from space 13824K, 0% used [0x00000000f7100000,0x00000000f7100000,0x00000000f7e80000)
  to   space 13312K, 0% used [0x00000000f7f00000,0x00000000f7f00000,0x00000000f8c00000)
 ParOldGen       total 349696K, used 349692K [0x00000000e0000000, 0x00000000f5580000, 0x00000000f5580000)
  object space 349696K, 99% used [0x00000000e0000000,0x00000000f557f080,0x00000000f5580000)
 Metaspace       used 58809K, committed 59968K, reserved 1105920K
  class space    used 5842K, committed 6336K, reserved 1048576K
}
Event: 367.501 GC heap after
{Heap after GC invocations=311 (full 210):
 PSYoungGen      total 41472K, used 28159K [0x00000000f5580000, 0x00000000f8d80000, 0x0000000100000000)
  eden space 28160K, 99% used [0x00000000f5580000,0x00000000f70ffe90,0x00000000f7100000)
  from space 13312K, 0% used [0x00000000f7f00000,0x00000000f7f00000,0x00000000f8c00000)
  to   space 13824K, 0% used [0x00000000f7100000,0x00000000f7100000,0x00000000f7e80000)
 ParOldGen       total 349696K, used 349691K [0x00000000e0000000, 0x00000000f5580000, 0x00000000f5580000)
  object space 349696K, 99% used [0x00000000e0000000,0x00000000f557eeb0,0x00000000f5580000)
 Metaspace       used 58809K, committed 59968K, reserved 1105920K
  class space    used 5842K, committed 6336K, reserved 1048576K
}
Event: 367.501 GC heap before
{Heap before GC invocations=312 (full 211):
 PSYoungGen      total 41472K, used 28159K [0x00000000f5580000, 0x00000000f8d80000, 0x0000000100000000)
  eden space 28160K, 99% used [0x00000000f5580000,0x00000000f70fffd0,0x00000000f7100000)
  from space 13312K, 0% used [0x00000000f7f00000,0x00000000f7f00000,0x00000000f8c00000)
  to   space 13824K, 0% used [0x00000000f7100000,0x00000000f7100000,0x00000000f7e80000)
 ParOldGen       total 349696K, used 349691K [0x00000000e0000000, 0x00000000f5580000, 0x00000000f5580000)
  object space 349696K, 99% used [0x00000000e0000000,0x00000000f557eeb0,0x00000000f5580000)
 Metaspace       used 58809K, committed 59968K, reserved 1105920K
  class space    used 5842K, committed 6336K, reserved 1048576K
}
Event: 368.730 GC heap after
{Heap after GC invocations=312 (full 211):
 PSYoungGen      total 41984K, used 28159K [0x00000000f5580000, 0x00000000f8d80000, 0x0000000100000000)
  eden space 28160K, 99% used [0x00000000f5580000,0x00000000f70fff98,0x00000000f7100000)
  from space 13824K, 0% used [0x00000000f7100000,0x00000000f7100000,0x00000000f7e80000)
  to   space 13312K, 0% used [0x00000000f7f00000,0x00000000f7f00000,0x00000000f8c00000)
 ParOldGen       total 349696K, used 349691K [0x00000000e0000000, 0x00000000f5580000, 0x00000000f5580000)
  object space 349696K, 99% used [0x00000000e0000000,0x00000000f557ee80,0x00000000f5580000)
 Metaspace       used 58809K, committed 59968K, reserved 1105920K
  class space    used 5842K, committed 6336K, reserved 1048576K
}
Event: 368.730 GC heap before
{Heap before GC invocations=313 (full 212):
 PSYoungGen      total 41984K, used 28160K [0x00000000f5580000, 0x00000000f8d80000, 0x0000000100000000)
  eden space 28160K, 100% used [0x00000000f5580000,0x00000000f7100000,0x00000000f7100000)
  from space 13824K, 0% used [0x00000000f7100000,0x00000000f7100000,0x00000000f7e80000)
  to   space 13312K, 0% used [0x00000000f7f00000,0x00000000f7f00000,0x00000000f8c00000)
 ParOldGen       total 349696K, used 349693K [0x00000000e0000000, 0x00000000f5580000, 0x00000000f5580000)
  object space 349696K, 99% used [0x00000000e0000000,0x00000000f557f788,0x00000000f5580000)
 Metaspace       used 58809K, committed 59968K, reserved 1105920K
  class space    used 5842K, committed 6336K, reserved 1048576K
}
Event: 369.934 GC heap after
{Heap after GC invocations=313 (full 212):
 PSYoungGen      total 41472K, used 28159K [0x00000000f5580000, 0x00000000f8d80000, 0x0000000100000000)
  eden space 28160K, 99% used [0x00000000f5580000,0x00000000f70fffe8,0x00000000f7100000)
  from space 13312K, 0% used [0x00000000f7f00000,0x00000000f7f00000,0x00000000f8c00000)
  to   space 13824K, 0% used [0x00000000f7100000,0x00000000f7100000,0x00000000f7e80000)
 ParOldGen       total 349696K, used 349693K [0x00000000e0000000, 0x00000000f5580000, 0x00000000f5580000)
  object space 349696K, 99% used [0x00000000e0000000,0x00000000f557f4a8,0x00000000f5580000)
 Metaspace       used 58809K, committed 59968K, reserved 1105920K
  class space    used 5842K, committed 6336K, reserved 1048576K
}
Event: 369.934 GC heap before
{Heap before GC invocations=314 (full 213):
 PSYoungGen      total 41472K, used 28159K [0x00000000f5580000, 0x00000000f8d80000, 0x0000000100000000)
  eden space 28160K, 99% used [0x00000000f5580000,0x00000000f70fffe8,0x00000000f7100000)
  from space 13312K, 0% used [0x00000000f7f00000,0x00000000f7f00000,0x00000000f8c00000)
  to   space 13824K, 0% used [0x00000000f7100000,0x00000000f7100000,0x00000000f7e80000)
 ParOldGen       total 349696K, used 349693K [0x00000000e0000000, 0x00000000f5580000, 0x00000000f5580000)
  object space 349696K, 99% used [0x00000000e0000000,0x00000000f557f4a8,0x00000000f5580000)
 Metaspace       used 58809K, committed 59968K, reserved 1105920K
  class space    used 5842K, committed 6336K, reserved 1048576K
}
Event: 371.009 GC heap after
{Heap after GC invocations=314 (full 213):
 PSYoungGen      total 41984K, used 28159K [0x00000000f5580000, 0x00000000f8d80000, 0x0000000100000000)
  eden space 28160K, 99% used [0x00000000f5580000,0x00000000f70fffe8,0x00000000f7100000)
  from space 13824K, 0% used [0x00000000f7100000,0x00000000f7100000,0x00000000f7e80000)
  to   space 13312K, 0% used [0x00000000f7f00000,0x00000000f7f00000,0x00000000f8c00000)
 ParOldGen       total 349696K, used 349693K [0x00000000e0000000, 0x00000000f5580000, 0x00000000f5580000)
  object space 349696K, 99% used [0x00000000e0000000,0x00000000f557f4a8,0x00000000f5580000)
 Metaspace       used 58809K, committed 59968K, reserved 1105920K
  class space    used 5842K, committed 6336K, reserved 1048576K
}

Dll operation events (9 events):
Event: 0.002 Loaded shared library /nix/store/gpxl5qgg8kicmcvivwmybwjlpf7wh20l-graalvm17-ce-22.3.0/lib/libjava.so
Event: 0.009 Loaded shared library /nix/store/gpxl5qgg8kicmcvivwmybwjlpf7wh20l-graalvm17-ce-22.3.0/lib/libjsvml.so
Event: 0.222 Loaded shared library /nix/store/gpxl5qgg8kicmcvivwmybwjlpf7wh20l-graalvm17-ce-22.3.0/lib/libnio.so
Event: 0.290 Loaded shared library /nix/store/gpxl5qgg8kicmcvivwmybwjlpf7wh20l-graalvm17-ce-22.3.0/lib/libzip.so
Event: 0.294 Loaded shared library /nix/store/gpxl5qgg8kicmcvivwmybwjlpf7wh20l-graalvm17-ce-22.3.0/lib/libjvmcicompiler.so
Event: 0.693 Loaded shared library /nix/store/gpxl5qgg8kicmcvivwmybwjlpf7wh20l-graalvm17-ce-22.3.0/lib/libjimage.so
Event: 1.287 Loaded shared library /nix/store/gpxl5qgg8kicmcvivwmybwjlpf7wh20l-graalvm17-ce-22.3.0/lib/libnet.so
Event: 5.128 Loaded shared library /home/runner/.cache/jdt-language-server/config/org.eclipse.equinox.launcher/org.eclipse.equinox.launcher.gtk.linux.x86_64_1.2.400.v20211117-0650/eclipse_11600.so
Event: 15.492 Loaded shared library /nix/store/gpxl5qgg8kicmcvivwmybwjlpf7wh20l-graalvm17-ce-22.3.0/lib/libextnet.so

Deoptimization events (20 events):
Event: 73.008 Thread 0x00007f1644482fa0 DEOPT PACKING pc=0x00007f169897c8dd sp=0x00007f165cffe530
Event: 73.008 Thread 0x00007f1644482fa0 DEOPT UNPACKING pc=0x00007f1697505325 sp=0x00007f165cffda20 mode 0
Event: 73.012 Thread 0x00007f1644482fa0 DEOPT PACKING pc=0x00007f169897c8dd sp=0x00007f165cffe530
Event: 73.012 Thread 0x00007f1644482fa0 DEOPT UNPACKING pc=0x00007f1697505325 sp=0x00007f165cffda20 mode 0
Event: 73.014 Thread 0x00007f1644482fa0 DEOPT PACKING pc=0x00007f169897c8dd sp=0x00007f165cffe530
Event: 73.014 Thread 0x00007f1644482fa0 DEOPT UNPACKING pc=0x00007f1697505325 sp=0x00007f165cffda20 mode 0
Event: 73.016 Thread 0x00007f1644482fa0 DEOPT PACKING pc=0x00007f169897c8dd sp=0x00007f165cffe530
Event: 73.016 Thread 0x00007f1644482fa0 DEOPT UNPACKING pc=0x00007f1697505325 sp=0x00007f165cffda20 mode 0
Event: 73.100 Thread 0x00007f1644482fa0 DEOPT PACKING pc=0x00007f169897c8dd sp=0x00007f165cffe530
Event: 73.100 Thread 0x00007f1644482fa0 DEOPT UNPACKING pc=0x00007f1697505325 sp=0x00007f165cffda20 mode 0
Event: 73.102 Thread 0x00007f1644482fa0 DEOPT PACKING pc=0x00007f169897c8dd sp=0x00007f165cffe530
Event: 73.102 Thread 0x00007f1644482fa0 DEOPT UNPACKING pc=0x00007f1697505325 sp=0x00007f165cffda20 mode 0
Event: 73.105 Thread 0x00007f1644482fa0 DEOPT PACKING pc=0x00007f169897c8dd sp=0x00007f165cffe530
Event: 73.105 Thread 0x00007f1644482fa0 DEOPT UNPACKING pc=0x00007f1697505325 sp=0x00007f165cffda20 mode 0
Event: 73.107 Thread 0x00007f1644482fa0 DEOPT PACKING pc=0x00007f169897c8dd sp=0x00007f165cffe530
Event: 73.107 Thread 0x00007f1644482fa0 DEOPT UNPACKING pc=0x00007f1697505325 sp=0x00007f165cffda20 mode 0
Event: 73.110 Thread 0x00007f1644482fa0 DEOPT PACKING pc=0x00007f169897c8dd sp=0x00007f165cffe530
Event: 73.110 Thread 0x00007f1644482fa0 DEOPT UNPACKING pc=0x00007f1697505325 sp=0x00007f165cffda20 mode 0
Event: 73.112 Thread 0x00007f1644482fa0 DEOPT PACKING pc=0x00007f169897c8dd sp=0x00007f165cffe530
Event: 73.112 Thread 0x00007f1644482fa0 DEOPT UNPACKING pc=0x00007f1697505325 sp=0x00007f165cffda20 mode 0

Classes unloaded (20 events):
Event: 86.503 Thread 0x00007f16b00a1c10 Unloading class 0x0000000800f00800 'jdk/internal/reflect/GeneratedConstructorAccessor10'
Event: 86.503 Thread 0x00007f16b00a1c10 Unloading class 0x0000000800d99000 'java/lang/invoke/LambdaForm$MH+0x0000000800d99000'
Event: 86.503 Thread 0x00007f16b00a1c10 Unloading class 0x0000000800d98c00 'java/lang/invoke/LambdaForm$MH+0x0000000800d98c00'
Event: 86.503 Thread 0x00007f16b00a1c10 Unloading class 0x0000000800d98800 'java/lang/invoke/LambdaForm$MH+0x0000000800d98800'
Event: 86.503 Thread 0x00007f16b00a1c10 Unloading class 0x0000000800d98400 'java/lang/invoke/LambdaForm$MH+0x0000000800d98400'
Event: 86.503 Thread 0x00007f16b00a1c10 Unloading class 0x0000000800d98000 'jdk/internal/reflect/GeneratedConstructorAccessor3'
Event: 86.503 Thread 0x00007f16b00a1c10 Unloading class 0x0000000800d06800 'java/lang/invoke/LambdaForm$MH+0x0000000800d06800'
Event: 86.503 Thread 0x00007f16b00a1c10 Unloading class 0x0000000800d06000 'java/lang/invoke/LambdaForm$MH+0x0000000800d06000'
Event: 86.503 Thread 0x00007f16b00a1c10 Unloading class 0x0000000800d05c00 'java/lang/invoke/LambdaForm$MH+0x0000000800d05c00'
Event: 86.503 Thread 0x00007f16b00a1c10 Unloading class 0x0000000800d05800 'java/lang/invoke/LambdaForm$MH+0x0000000800d05800'
Event: 86.503 Thread 0x00007f16b00a1c10 Unloading class 0x0000000800d05000 'java/lang/invoke/LambdaForm$MH+0x0000000800d05000'
Event: 86.503 Thread 0x00007f16b00a1c10 Unloading class 0x0000000800d04c00 'java/lang/invoke/LambdaForm$MH+0x0000000800d04c00'
Event: 86.503 Thread 0x00007f16b00a1c10 Unloading class 0x0000000800d04800 'java/lang/invoke/LambdaForm$MH+0x0000000800d04800'
Event: 86.503 Thread 0x00007f16b00a1c10 Unloading class 0x0000000800d04000 'java/lang/invoke/LambdaForm$MH+0x0000000800d04000'
Event: 86.503 Thread 0x00007f16b00a1c10 Unloading class 0x0000000800c1d000 'jdk/internal/reflect/GeneratedMethodAccessor5'
Event: 86.503 Thread 0x00007f16b00a1c10 Unloading class 0x0000000800c1cc00 'jdk/internal/reflect/GeneratedMethodAccessor4'
Event: 86.503 Thread 0x00007f16b00a1c10 Unloading class 0x0000000800c1c800 'jdk/internal/reflect/GeneratedMethodAccessor3'
Event: 86.503 Thread 0x00007f16b00a1c10 Unloading class 0x0000000800c1c400 'jdk/internal/reflect/GeneratedMethodAccessor2'
Event: 86.503 Thread 0x00007f16b00a1c10 Unloading class 0x0000000800c1c000 'jdk/internal/reflect/GeneratedMethodAccessor1'
Event: 86.503 Thread 0x00007f16b00a1c10 Unloading class 0x0000000800c01c00 'java/lang/invoke/LambdaForm$DMH+0x0000000800c01c00'

Classes redefined (0 events):
No events

Internal exceptions (20 events):
Event: 39.892 Thread 0x00007f161c000ff0 Exception <a 'java/lang/NoSuchMethodError'{0x00000000f5f0e438}: static [Lorg/eclipse/core/runtime/IPath;.<clinit>()V> (0x00000000f5f0e438) 
thrown [src/hotspot/share/prims/jni.cpp, line 1107]
Event: 39.897 Thread 0x00007f161c000ff0 Exception <a 'java/lang/NoSuchMethodError'{0x00000000f60409e8}: static [J.<clinit>()V> (0x00000000f60409e8) 
thrown [src/hotspot/share/prims/jni.cpp, line 1107]
Event: 42.502 Thread 0x00007f1640001550 Exception <a 'java/lang/NoSuchMethodError'{0x00000000f59c2d48}: 'java.lang.Object java.lang.invoke.DirectMethodHandle$Holder.newInvokeSpecial(java.lang.Object, java.lang.Object, java.lang.Object, int, java.lang.Object)'> (0x00000000f59c2d48) 
thrown [src/hotspot/share/interpreter/linkResolver.cpp, line 758]
Event: 42.502 Thread 0x00007f1640001550 Exception <a 'java/lang/NoSuchMethodError'{0x00000000f59ee0c0}: 'java.lang.Object java.lang.invoke.DirectMethodHandle$Holder.invokeSpecial(java.lang.Object, java.lang.Object, java.lang.Object, java.lang.Object, int, java.lang.Object)'> (0x00000000f59ee0c0) 
thrown [src/hotspot/share/interpreter/linkResolver.cpp, line 758]
Event: 42.503 Thread 0x00007f1640001550 Exception <a 'java/lang/NoSuchMethodError'{0x00000000f5a13410}: 'java.lang.Object java.lang.invoke.Invokers$Holder.linkToTargetMethod(java.lang.Object, java.lang.Object, int, java.lang.Object, java.lang.Object)'> (0x00000000f5a13410) 
thrown [src/hotspot/share/interpreter/linkResolver.cpp, line 758]
Event: 43.000 Thread 0x00007f1644482fa0 Implicit null exception at 0x00007f169f181612 to 0x00007f169f1854de
Event: 43.733 Thread 0x00007f161c000ff0 Exception <a 'java/lang/NoSuchMethodError'{0x00000000f590d110}: 'java.lang.Object java.lang.invoke.DirectMethodHandle$Holder.invokeStatic(java.lang.Object, java.lang.Object, java.lang.Object, long)'> (0x00000000f590d110) 
thrown [src/hotspot/share/interpreter/linkResolver.cpp, line 758]
Event: 43.733 Thread 0x00007f161c000ff0 Exception <a 'java/lang/NoSuchMethodError'{0x00000000f5e0cf88}: 'java.lang.Object java.lang.invoke.DirectMethodHandle$Holder.newInvokeSpecial(java.lang.Object, java.lang.Object, java.lang.Object, long)'> (0x00000000f5e0cf88) 
thrown [src/hotspot/share/interpreter/linkResolver.cpp, line 758]
Event: 43.734 Thread 0x00007f161c000ff0 Exception <a 'java/lang/NoSuchMethodError'{0x00000000f5e110a0}: 'java.lang.Object java.lang.invoke.DirectMethodHandle$Holder.invokeSpecial(java.lang.Object, java.lang.Object, java.lang.Object, java.lang.Object, long)'> (0x00000000f5e110a0) 
thrown [src/hotspot/share/interpreter/linkResolver.cpp, line 758]
Event: 43.734 Thread 0x00007f161c000ff0 Exception <a 'java/lang/NoSuchMethodError'{0x00000000f5e14c10}: 'java.lang.Object java.lang.invoke.Invokers$Holder.linkToTargetMethod(java.lang.Object, java.lang.Object, long, java.lang.Object)'> (0x00000000f5e14c10) 
thrown [src/hotspot/share/interpreter/linkResolver.cpp, line 758]
Event: 44.265 Thread 0x00007f161c000ff0 Exception <a 'java/io/FileNotFoundException'{0x00000000f5761620}> (0x00000000f5761620) 
thrown [src/hotspot/share/prims/jni.cpp, line 516]
Event: 45.226 Thread 0x00007f1620191460 Implicit null exception at 0x00007f169f18c322 to 0x00007f169f18c6b2
Event: 46.208 Thread 0x00007f1620191460 Implicit null exception at 0x00007f169f0dcc69 to 0x00007f169f0dce1b
Event: 53.029 Thread 0x00007f1620191460 Exception <a 'java/lang/NoSuchMethodError'{0x00000000f5781068}: 'java.lang.Object java.lang.invoke.DirectMethodHandle$Holder.invokeStatic(java.lang.Object, int, java.lang.Object, java.lang.Object, java.lang.Object, java.lang.Object)'> (0x00000000f5781068) 
thrown [src/hotspot/share/interpreter/linkResolver.cpp, line 758]
Event: 53.125 Thread 0x00007f1614003ae0 Exception <a 'java/lang/NoSuchMethodError'{0x00000000f589dc88}: 'java.lang.Object java.lang.invoke.DirectMethodHandle$Holder.newInvokeSpecial(java.lang.Object, java.lang.Object, int, java.lang.Object, java.lang.Object)'> (0x00000000f589dc88) 
thrown [src/hotspot/share/interpreter/linkResolver.cpp, line 758]
Event: 53.129 Thread 0x00007f1614003ae0 Exception <a 'java/lang/NoSuchMethodError'{0x00000000f58a2f50}: 'java.lang.Object java.lang.invoke.DirectMethodHandle$Holder.invokeSpecial(java.lang.Object, java.lang.Object, java.lang.Object, int, java.lang.Object, java.lang.Object)'> (0x00000000f58a2f50) 
thrown [src/hotspot/share/interpreter/linkResolver.cpp, line 758]
Event: 53.131 Thread 0x00007f1614003ae0 Exception <a 'java/lang/NoSuchMethodError'{0x00000000f58a7878}: 'java.lang.Object java.lang.invoke.Invokers$Holder.linkToTargetMethod(java.lang.Object, int, java.lang.Object, java.lang.Object, java.lang.Object)'> (0x00000000f58a7878) 
thrown [src/hotspot/share/interpreter/linkResolver.cpp, line 758]
Event: 54.139 Thread 0x00007f1620191460 Exception <a 'java/lang/NoSuchMethodError'{0x00000000f69876c0}: 'void java.lang.invoke.DirectMethodHandle$Holder.invokeSpecial(java.lang.Object, java.lang.Object, int)'> (0x00000000f69876c0) 
thrown [src/hotspot/share/interpreter/linkResolver.cpp, line 758]
Event: 55.492 Thread 0x00007f1620191460 Exception <a 'java/lang/NoSuchMethodError'{0x00000000f6a1e240}: 'int java.lang.invoke.DirectMethodHandle$Holder.invokeSpecialIFC(java.lang.Object, java.lang.Object, java.lang.Object, java.lang.Object)'> (0x00000000f6a1e240) 
thrown [src/hotspot/share/interpreter/linkResolver.cpp, line 758]
Event: 371.009 Thread 0x00007f16b00b21d0 Exception <a 'java/lang/OutOfMemoryError'{0x00000000e0003f20}> (0x00000000e0003f20) 
thrown [src/hotspot/share/gc/shared/memAllocator.cpp, line 136]

VM Operations (20 events):
Event: 355.320 Executing VM operation: ParallelGCFailedAllocation
Event: 356.687 Executing VM operation: ParallelGCFailedAllocation done
Event: 356.687 Executing VM operation: ParallelGCFailedAllocation
Event: 358.494 Executing VM operation: ParallelGCFailedAllocation done
Event: 358.494 Executing VM operation: ParallelGCFailedAllocation
Event: 360.004 Executing VM operation: ParallelGCFailedAllocation done
Event: 360.008 Executing VM operation: ParallelGCFailedAllocation
Event: 361.523 Executing VM operation: ParallelGCFailedAllocation done
Event: 361.523 Executing VM operation: ParallelGCFailedAllocation
Event: 363.215 Executing VM operation: ParallelGCFailedAllocation done
Event: 363.216 Executing VM operation: ParallelGCFailedAllocation
Event: 364.791 Executing VM operation: ParallelGCFailedAllocation done
Event: 364.791 Executing VM operation: ParallelGCFailedAllocation
Event: 366.117 Executing VM operation: ParallelGCFailedAllocation done
Event: 366.127 Executing VM operation: ParallelGCFailedAllocation
Event: 367.501 Executing VM operation: ParallelGCFailedAllocation done
Event: 367.501 Executing VM operation: ParallelGCFailedAllocation
Event: 368.730 Executing VM operation: ParallelGCFailedAllocation done
Event: 368.730 Executing VM operation: ParallelGCFailedAllocation
Event: 371.009 Executing VM operation: ParallelGCFailedAllocation done

Events (20 events):
Event: 73.414 Thread 0x00007f16b00b4740 flushing nmethod 0x00007f169889fd10
Event: 73.414 Thread 0x00007f16b00b4740 flushing nmethod 0x00007f16988b0e90
Event: 73.414 Thread 0x00007f16b00b4740 flushing nmethod 0x00007f16988b2990
Event: 73.414 Thread 0x00007f16b00b4740 flushing nmethod 0x00007f16988c1910
Event: 73.414 Thread 0x00007f16b00b4740 flushing nmethod 0x00007f16988c2610
Event: 73.414 Thread 0x00007f16b00b4740 flushing nmethod 0x00007f16988ca510
Event: 73.414 Thread 0x00007f16b00b4740 flushing nmethod 0x00007f16988e2890
Event: 73.414 Thread 0x00007f16b00b4740 flushing nmethod 0x00007f16988f7010
Event: 73.414 Thread 0x00007f16b00b4740 flushing nmethod 0x00007f169893f890
Event: 73.414 Thread 0x00007f16b00b4740 flushing nmethod 0x00007f169894c210
Event: 73.414 Thread 0x00007f16b00b4740 flushing nmethod 0x00007f1698956090
Event: 73.415 Thread 0x00007f16b00b4740 flushing nmethod 0x00007f169896ab90
Event: 73.415 Thread 0x00007f16b00b4740 flushing nmethod 0x00007f169896b310
Event: 73.415 Thread 0x00007f16b00b4740 flushing nmethod 0x00007f1698975890
Event: 96.209 Thread 0x00007f161000eb70 Thread exited: 0x00007f161000eb70
Event: 96.210 Thread 0x00007f1640430590 Thread exited: 0x00007f1640430590
Event: 107.523 Thread 0x00007f1614000ff0 Thread exited: 0x00007f1614000ff0
Event: 108.999 Thread 0x00007f162c000ff0 Thread exited: 0x00007f162c000ff0
Event: 116.490 Thread 0x00007f1614003ae0 Thread exited: 0x00007f1614003ae0
Event: 116.490 Thread 0x00007f1640001550 Thread exited: 0x00007f1640001550


Dynamic libraries:
e0000000-f5580000 rw-p 00000000 00:00 0 
f5580000-f8d80000 rw-p 00000000 00:00 0 
f8d80000-100000000 ---p 00000000 00:00 0 
800000000-800449000 rw-p 00001000 00:a7c 4611686019135357769             /nix/store/gpxl5qgg8kicmcvivwmybwjlpf7wh20l-graalvm17-ce-22.3.0/lib/server/classes.jsa
800449000-800bc8000 r--p 0044a000 00:a7c 4611686019135357769             /nix/store/gpxl5qgg8kicmcvivwmybwjlpf7wh20l-graalvm17-ce-22.3.0/lib/server/classes.jsa
800bc8000-800c00000 ---p 00000000 00:00 0 
800c00000-800c20000 rw-p 00000000 00:00 0 
800c20000-800c40000 rw-p 00000000 00:00 0 
800c40000-800cc0000 rw-p 00000000 00:00 0 
800cc0000-800d00000 rw-p 00000000 00:00 0 
800d00000-800dc0000 rw-p 00000000 00:00 0 
800dc0000-800e00000 rw-p 00000000 00:00 0 
800e00000-800f40000 rw-p 00000000 00:00 0 
800f40000-800fc0000 rw-p 00000000 00:00 0 
800fc0000-801000000 rw-p 00000000 00:00 0 
801000000-801230000 rw-p 00000000 00:00 0 
801230000-840c00000 ---p 00000000 00:00 0 
561de33d8000-561de33d9000 r-xp 00000000 00:a7c 4611686019099417844       /nix/store/gpxl5qgg8kicmcvivwmybwjlpf7wh20l-graalvm17-ce-22.3.0/bin/.java-wrapped
561de33da000-561de33db000 r--p 00001000 00:a7c 4611686019099417844       /nix/store/gpxl5qgg8kicmcvivwmybwjlpf7wh20l-graalvm17-ce-22.3.0/bin/.java-wrapped
561de33db000-561de33dc000 rw-p 00002000 00:a7c 4611686019099417844       /nix/store/gpxl5qgg8kicmcvivwmybwjlpf7wh20l-graalvm17-ce-22.3.0/bin/.java-wrapped
561de33dc000-561de33dd000 rw-p 00004000 00:a7c 4611686019099417844       /nix/store/gpxl5qgg8kicmcvivwmybwjlpf7wh20l-graalvm17-ce-22.3.0/bin/.java-wrapped
561de33dd000-561de33de000 rw-p 00005000 00:a7c 4611686019099417844       /nix/store/gpxl5qgg8kicmcvivwmybwjlpf7wh20l-graalvm17-ce-22.3.0/bin/.java-wrapped
561de4f5b000-561de4fa3000 rw-p 00000000 00:00 0                          [heap]
7f15e8000000-7f15e8022000 rw-p 00000000 00:00 0 
7f15e8022000-7f15ec000000 ---p 00000000 00:00 0 
7f15ec000000-7f15ec231000 rw-p 00000000 00:00 0 
7f15ec231000-7f15f0000000 ---p 00000000 00:00 0 
7f15f0000000-7f15f0021000 rw-p 00000000 00:00 0 
7f15f0021000-7f15f4000000 ---p 00000000 00:00 0 
7f15f4000000-7f15f4021000 rw-p 00000000 00:00 0 
7f15f4021000-7f15f8000000 ---p 00000000 00:00 0 
7f15f8000000-7f15f8021000 rw-p 00000000 00:00 0 
7f15f8021000-7f15fc000000 ---p 00000000 00:00 0 
7f15fe4b3000-7f1608000000 r--s 00000000 00:a7c 4611686019135192581       /nix/store/gpxl5qgg8kicmcvivwmybwjlpf7wh20l-graalvm17-ce-22.3.0/lib/modules
7f1608000000-7f1608023000 rw-p 00000000 00:00 0 
7f1608023000-7f160c000000 ---p 00000000 00:00 0 
7f160c000000-7f160c021000 rw-p 00000000 00:00 0 
7f160c021000-7f1610000000 ---p 00000000 00:00 0 
7f1610000000-7f1610021000 rw-p 00000000 00:00 0 
7f1610021000-7f1614000000 ---p 00000000 00:00 0 
7f1614000000-7f1614021000 rw-p 00000000 00:00 0 
7f1614021000-7f1618000000 ---p 00000000 00:00 0 
7f1619400000-7f1619790000 rw-p 00000000 00:00 0 
7f1619790000-7f1619800000 ---p 00000000 00:00 0 
7f1619800000-7f16198d0000 rw-p 00000000 00:00 0 
7f16198d0000-7f1619c00000 ---p 00000000 00:00 0 
7f161a800000-7f161abc0000 rw-p 00000000 00:00 0 
7f161abc0000-7f161ac00000 rw-p 00000000 00:00 0 
7f161ac00000-7f161ada0000 rw-p 00000000 00:00 0 
7f161ada0000-7f161b000000 rw-p 00000000 00:00 0 
7f161b000000-7f161b500000 rw-p 00000000 00:00 0 
7f161b500000-7f161b600000 rw-p 00000000 00:00 0 
7f161b600000-7f161b800000 rw-p 00000000 00:00 0 
7f161b800000-7f161b900000 rw-p 00000000 00:00 0 
7f161b900000-7f161bac0000 rw-p 00000000 00:00 0 
7f161bac0000-7f161bb00000 rw-p 00000000 00:00 0 
7f161bb00000-7f161bd00000 rw-p 00000000 00:00 0 
7f161bd00000-7f161be00000 rw-p 00000000 00:00 0 
7f161be00000-7f161bf80000 rw-p 00000000 00:00 0 
7f161bf80000-7f161c000000 rw-p 00000000 00:00 0 
7f161c000000-7f161c0eb000 rw-p 00000000 00:00 0 
7f161c0eb000-7f1620000000 ---p 00000000 00:00 0 
7f1620000000-7f16201b5000 rw-p 00000000 00:00 0 
7f16201b5000-7f1624000000 ---p 00000000 00:00 0 
7f1624000000-7f1624021000 rw-p 00000000 00:00 0 
7f1624021000-7f1628000000 ---p 00000000 00:00 0 
7f1628000000-7f1628021000 rw-p 00000000 00:00 0 
7f1628021000-7f162c000000 ---p 00000000 00:00 0 
7f162c000000-7f162c332000 rw-p 00000000 00:00 0 
7f162c332000-7f1630000000 ---p 00000000 00:00 0 
7f1630000000-7f1630059000 rw-p 00000000 00:00 0 
7f1630059000-7f1634000000 ---p 00000000 00:00 0 
7f1634000000-7f1634021000 rw-p 00000000 00:00 0 
7f1634021000-7f1638000000 ---p 00000000 00:00 0 
7f1638000000-7f163806e000 rw-p 00000000 00:00 0 
7f163806e000-7f163c000000 ---p 00000000 00:00 0 
7f163c000000-7f163c021000 rw-p 00000000 00:00 0 
7f163c021000-7f1640000000 ---p 00000000 00:00 0 
7f1640000000-7f1640519000 rw-p 00000000 00:00 0 
7f1640519000-7f1644000000 ---p 00000000 00:00 0 
7f1644000000-7f16448bb000 rw-p 00000000 00:00 0 
7f16448bb000-7f1648000000 ---p 00000000 00:00 0 
7f1648000000-7f1648025000 rw-p 00000000 00:00 0 
7f1648025000-7f164c000000 ---p 00000000 00:00 0 
7f164c000000-7f164c021000 rw-p 00000000 00:00 0 
7f164c021000-7f1650000000 ---p 00000000 00:00 0 
7f1650000000-7f1650021000 rw-p 00000000 00:00 0 
7f1650021000-7f1654000000 ---p 00000000 00:00 0 
7f1654000000-7f1654021000 rw-p 00000000 00:00 0 
7f1654021000-7f1658000000 ---p 00000000 00:00 0 
7f1658400000-7f1658500000 rw-p 00000000 00:00 0 
7f1658500000-7f1658600000 rw-p 00000000 00:00 0 
7f1658600000-7f1658c00000 rw-p 00000000 00:00 0 
7f1658c00000-7f1658d00000 rw-p 00000000 00:00 0 
7f1658d00000-7f1658e00000 rw-p 00000000 00:00 0 
7f1658e00000-7f1659100000 rw-p 00000000 00:00 0 
7f1659100000-7f1659200000 rw-p 00000000 00:00 0 
7f1659200000-7f1659400000 rw-p 00000000 00:00 0 
7f1659800000-7f1659810000 r-xp 00000000 00:a79 366                       /home/runner/.cache/jdt-language-server/config/org.eclipse.equinox.launcher/org.eclipse.equinox.launcher.gtk.linux.x86_64_1.2.400.v20211117-0650/eclipse_11600.so
7f1659810000-7f1659a0f000 ---p 00010000 00:a79 366                       /home/runner/.cache/jdt-language-server/config/org.eclipse.equinox.launcher/org.eclipse.equinox.launcher.gtk.linux.x86_64_1.2.400.v20211117-0650/eclipse_11600.so
7f1659a0f000-7f1659a10000 r--p 0000f000 00:a79 366                       /home/runner/.cache/jdt-language-server/config/org.eclipse.equinox.launcher/org.eclipse.equinox.launcher.gtk.linux.x86_64_1.2.400.v20211117-0650/eclipse_11600.so
7f1659a10000-7f1659a11000 rw-p 00010000 00:a79 366                       /home/runner/.cache/jdt-language-server/config/org.eclipse.equinox.launcher/org.eclipse.equinox.launcher.gtk.linux.x86_64_1.2.400.v20211117-0650/eclipse_11600.so
7f165ab00000-7f165ac00000 ---p 00000000 00:00 0 
7f165ac00000-7f165b1af000 r--p 01122000 00:a7c 4611686019135190040       /nix/store/gpxl5qgg8kicmcvivwmybwjlpf7wh20l-graalvm17-ce-22.3.0/lib/libjvmcicompiler.so
7f165b1af000-7f165b300000 r--p 00000000 00:00 0 
7f165b300000-7f165b33d000 rw-p 00000000 00:00 0 
7f165b33d000-7f165b85d000 rw-p 0185f000 00:a7c 4611686019135190040       /nix/store/gpxl5qgg8kicmcvivwmybwjlpf7wh20l-graalvm17-ce-22.3.0/lib/libjvmcicompiler.so
7f165b85d000-7f165bc44000 r--p 01d7f000 00:a7c 4611686019135190040       /nix/store/gpxl5qgg8kicmcvivwmybwjlpf7wh20l-graalvm17-ce-22.3.0/lib/libjvmcicompiler.so
7f165bd00000-7f165bd04000 ---p 00000000 00:00 0 
7f165bd04000-7f165be00000 rw-p 00000000 00:00 0 
7f165bf00000-7f165bf04000 ---p 00000000 00:00 0 
7f165bf04000-7f165c000000 rw-p 00000000 00:00 0 
7f165c100000-7f165c104000 ---p 00000000 00:00 0 
7f165c104000-7f165c200000 rw-p 00000000 00:00 0 
7f165c300000-7f165c304000 ---p 00000000 00:00 0 
7f165c304000-7f165c400000 rw-p 00000000 00:00 0 
7f165c400000-7f165c404000 ---p 00000000 00:00 0 
7f165c404000-7f165c500000 rw-p 00000000 00:00 0 
7f165c500000-7f165c504000 ---p 00000000 00:00 0 
7f165c504000-7f165c600000 rw-p 00000000 00:00 0 
7f165c600000-7f165c604000 ---p 00000000 00:00 0 
7f165c604000-7f165c700000 rw-p 00000000 00:00 0 
7f165c700000-7f165c704000 ---p 00000000 00:00 0 
7f165c704000-7f165c800000 rw-p 00000000 00:00 0 
7f165c900000-7f165c904000 ---p 00000000 00:00 0 
7f165c904000-7f165ca00000 rw-p 00000000 00:00 0 
7f165cb00000-7f165cb04000 ---p 00000000 00:00 0 
7f165cb04000-7f165cc00000 rw-p 00000000 00:00 0 
7f165cd00000-7f165cd04000 ---p 00000000 00:00 0 
7f165cd04000-7f165ce00000 rw-p 00000000 00:00 0 
7f165cf00000-7f165cf04000 ---p 00000000 00:00 0 
7f165cf04000-7f165d000000 rw-p 00000000 00:00 0 
7f165d000000-7f165d004000 ---p 00000000 00:00 0 
7f165d004000-7f165d100000 rw-p 00000000 00:00 0 
7f165d100000-7f165d104000 ---p 00000000 00:00 0 
7f165d104000-7f165d200000 rw-p 00000000 00:00 0 
7f165d200000-7f165d204000 ---p 00000000 00:00 0 
7f165d204000-7f165d300000 rw-p 00000000 00:00 0 
7f165d300000-7f165d304000 ---p 00000000 00:00 0 
7f165d304000-7f165d400000 rw-p 00000000 00:00 0 
7f165d500000-7f165d504000 ---p 00000000 00:00 0 
7f165d504000-7f165d600000 rw-p 00000000 00:00 0 
7f165d700000-7f165d704000 ---p 00000000 00:00 0 
7f165d704000-7f165d800000 rw-p 00000000 00:00 0 
7f165d900000-7f165d904000 ---p 00000000 00:00 0 
7f165d904000-7f165da00000 rw-p 00000000 00:00 0 
7f165db00000-7f165db04000 ---p 00000000 00:00 0 
7f165db04000-7f165dc00000 rw-p 00000000 00:00 0 
7f165dc00000-7f165fd6a000 r-xp 00000000 00:a7c 4611686019135190040       /nix/store/gpxl5qgg8kicmcvivwmybwjlpf7wh20l-graalvm17-ce-22.3.0/lib/libjvmcicompiler.so
7f165fd6a000-7f165ff69000 ---p 0216a000 00:a7c 4611686019135190040       /nix/store/gpxl5qgg8kicmcvivwmybwjlpf7wh20l-graalvm17-ce-22.3.0/lib/libjvmcicompiler.so
7f165ff69000-7f165ff6a000 r--p 02169000 00:a7c 4611686019135190040       /nix/store/gpxl5qgg8kicmcvivwmybwjlpf7wh20l-graalvm17-ce-22.3.0/lib/libjvmcicompiler.so
7f165ff6a000-7f165ff6c000 rw-p 0216a000 00:a7c 4611686019135190040       /nix/store/gpxl5qgg8kicmcvivwmybwjlpf7wh20l-graalvm17-ce-22.3.0/lib/libjvmcicompiler.so
7f165ff6c000-7f165ff6d000 rw-p 00000000 00:00 0 
7f165ff6d000-7f165ff72000 rw-p 023c3000 00:a7c 4611686019135190040       /nix/store/gpxl5qgg8kicmcvivwmybwjlpf7wh20l-graalvm17-ce-22.3.0/lib/libjvmcicompiler.so
7f1660000000-7f1660021000 rw-p 00000000 00:00 0 
7f1660021000-7f1664000000 ---p 00000000 00:00 0 
7f1664000000-7f1664021000 rw-p 00000000 00:00 0 
7f1664021000-7f1668000000 ---p 00000000 00:00 0 
7f1668000000-7f1668021000 rw-p 00000000 00:00 0 
7f1668021000-7f166c000000 ---p 00000000 00:00 0 
7f166c000000-7f166c021000 rw-p 00000000 00:00 0 
7f166c021000-7f1670000000 ---p 00000000 00:00 0 
7f1670000000-7f16700cb000 rw-p 00000000 00:00 0 
7f16700cb000-7f1674000000 ---p 00000000 00:00 0 
7f1674000000-7f1674839000 rw-p 00000000 00:00 0 
7f1674839000-7f1678000000 ---p 00000000 00:00 0 
7f1678000000-7f1678021000 rw-p 00000000 00:00 0 
7f1678021000-7f167c000000 ---p 00000000 00:00 0 
7f167c000000-7f167c021000 rw-p 00000000 00:00 0 
7f167c021000-7f1680000000 ---p 00000000 00:00 0 
7f1680000000-7f1680021000 rw-p 00000000 00:00 0 
7f1680021000-7f1684000000 ---p 00000000 00:00 0 
7f1684000000-7f1684021000 rw-p 00000000 00:00 0 
7f1684021000-7f1688000000 ---p 00000000 00:00 0 
7f1688000000-7f1688021000 rw-p 00000000 00:00 0 
7f1688021000-7f168c000000 ---p 00000000 00:00 0 
7f168c000000-7f168c021000 rw-p 00000000 00:00 0 
7f168c021000-7f1690000000 ---p 00000000 00:00 0 
7f1690000000-7f1690059000 rw-p 00000000 00:00 0 
7f1690059000-7f1694000000 ---p 00000000 00:00 0 
7f1694000000-7f1694004000 ---p 00000000 00:00 0 
7f1694004000-7f1694100000 rw-p 00000000 00:00 0 
7f1694200000-7f1694204000 ---p 00000000 00:00 0 
7f1694204000-7f1694300000 rw-p 00000000 00:00 0 
7f1694400000-7f1694404000 ---p 00000000 00:00 0 
7f1694404000-7f1694500000 rw-p 00000000 00:00 0 
7f1695268000-7f1695700000 rw-p 00000000 00:00 0 
7f1695716000-7f1695717000 ---p 00000000 00:00 0 
7f1695717000-7f1695818000 rw-p 00000000 00:00 0 
7f1695818000-7f169581c000 ---p 00000000 00:00 0 
7f169581c000-7f1695918000 rw-p 00000000 00:00 0 
7f1695918000-7f169591c000 ---p 00000000 00:00 0 
7f169591c000-7f1695a18000 rw-p 00000000 00:00 0 
7f1695a18000-7f1695a1c000 ---p 00000000 00:00 0 
7f1695a1c000-7f1695b18000 rw-p 00000000 00:00 0 
7f1695b18000-7f1695b1c000 ---p 00000000 00:00 0 
7f1695b1c000-7f1695d18000 rw-p 00000000 00:00 0 
7f1695d18000-7f1695d1c000 ---p 00000000 00:00 0 
7f1695d1c000-7f1695f18000 rw-p 00000000 00:00 0 
7f1695f18000-7f1695f1c000 ---p 00000000 00:00 0 
7f1695f1c000-7f1696018000 rw-p 00000000 00:00 0 
7f1696018000-7f169601c000 ---p 00000000 00:00 0 
7f169601c000-7f1696118000 rw-p 00000000 00:00 0 
7f1696118000-7f169611c000 ---p 00000000 00:00 0 
7f169611c000-7f1696218000 rw-p 00000000 00:00 0 
7f1696218000-7f16964fe000 r--p 00000000 00:7b1 28444448                  /usr/lib/locale/locale-archive
7f16964fe000-7f1696502000 ---p 00000000 00:00 0 
7f1696502000-7f16965fe000 rw-p 00000000 00:00 0 
7f16965fe000-7f1696602000 ---p 00000000 00:00 0 
7f1696602000-7f16966fe000 rw-p 00000000 00:00 0 
7f16966fe000-7f16966ff000 ---p 00000000 00:00 0 
7f16966ff000-7f1696c00000 rw-p 00000000 00:00 0 
7f1696c00000-7f1696f00000 rw-p 00000000 00:00 0 
7f1696f00000-7f1697000000 rw-p 00000000 00:00 0 
7f16970e0000-7f16971ae000 r-xp 00000000 00:a7c 4611686019135190036       /nix/store/gpxl5qgg8kicmcvivwmybwjlpf7wh20l-graalvm17-ce-22.3.0/lib/libjsvml.so
7f16971ae000-7f16971af000 r--p 000cd000 00:a7c 4611686019135190036       /nix/store/gpxl5qgg8kicmcvivwmybwjlpf7wh20l-graalvm17-ce-22.3.0/lib/libjsvml.so
7f16971af000-7f16971b0000 rw-p 000ce000 00:a7c 4611686019135190036       /nix/store/gpxl5qgg8kicmcvivwmybwjlpf7wh20l-graalvm17-ce-22.3.0/lib/libjsvml.so
7f16971b0000-7f16974b3000 rw-p 00000000 00:00 0 
7f16974b3000-7f1697723000 rwxp 00000000 00:00 0 
7f1697723000-7f1697a42000 ---p 00000000 00:00 0 
7f1697a42000-7f1698982000 rwxp 00000000 00:00 0 
7f1698982000-7f169ef7a000 ---p 00000000 00:00 0 
7f169ef7a000-7f169f21a000 rwxp 00000000 00:00 0 
7f169f21a000-7f16a64b3000 ---p 00000000 00:00 0 
7f16a64b3000-7f16b0000000 r--s 00000000 00:a7c 4611686019135192581       /nix/store/gpxl5qgg8kicmcvivwmybwjlpf7wh20l-graalvm17-ce-22.3.0/lib/modules
7f16b0000000-7f16b0629000 rw-p 00000000 00:00 0 
7f16b0629000-7f16b4000000 ---p 00000000 00:00 0 
7f16b402f000-7f16b4031000 r-xp 00000000 00:a7c 4611686019135190017       /nix/store/gpxl5qgg8kicmcvivwmybwjlpf7wh20l-graalvm17-ce-22.3.0/lib/libextnet.so
7f16b4031000-7f16b4032000 r--p 00001000 00:a7c 4611686019135190017       /nix/store/gpxl5qgg8kicmcvivwmybwjlpf7wh20l-graalvm17-ce-22.3.0/lib/libextnet.so
7f16b4032000-7f16b4033000 rw-p 00002000 00:a7c 4611686019135190017       /nix/store/gpxl5qgg8kicmcvivwmybwjlpf7wh20l-graalvm17-ce-22.3.0/lib/libextnet.so
7f16b4033000-7f16b4034000 rw-p 00004000 00:a7c 4611686019135190017       /nix/store/gpxl5qgg8kicmcvivwmybwjlpf7wh20l-graalvm17-ce-22.3.0/lib/libextnet.so
7f16b4034000-7f16b4038000 ---p 00000000 00:00 0 
7f16b4038000-7f16b4056000 rw-p 00000000 00:00 0 
7f16b4056000-7f16b405d000 r-xp 00000000 00:a7c 4611686019135192580       /nix/store/gpxl5qgg8kicmcvivwmybwjlpf7wh20l-graalvm17-ce-22.3.0/lib/libzip.so
7f16b405d000-7f16b405e000 ---p 00007000 00:a7c 4611686019135192580       /nix/store/gpxl5qgg8kicmcvivwmybwjlpf7wh20l-graalvm17-ce-22.3.0/lib/libzip.so
7f16b405e000-7f16b405f000 r--p 00007000 00:a7c 4611686019135192580       /nix/store/gpxl5qgg8kicmcvivwmybwjlpf7wh20l-graalvm17-ce-22.3.0/lib/libzip.so
7f16b405f000-7f16b4060000 rw-p 00008000 00:a7c 4611686019135192580       /nix/store/gpxl5qgg8kicmcvivwmybwjlpf7wh20l-graalvm17-ce-22.3.0/lib/libzip.so
7f16b4060000-7f16b4062000 rw-p 0000b000 00:a7c 4611686019135192580       /nix/store/gpxl5qgg8kicmcvivwmybwjlpf7wh20l-graalvm17-ce-22.3.0/lib/libzip.so
7f16b4062000-7f16b4077000 r-xp 00000000 00:a7c 4611686019135192570       /nix/store/gpxl5qgg8kicmcvivwmybwjlpf7wh20l-graalvm17-ce-22.3.0/lib/libnet.so
7f16b4077000-7f16b4078000 ---p 00015000 00:a7c 4611686019135192570       /nix/store/gpxl5qgg8kicmcvivwmybwjlpf7wh20l-graalvm17-ce-22.3.0/lib/libnet.so
7f16b4078000-7f16b4079000 r--p 00015000 00:a7c 4611686019135192570       /nix/store/gpxl5qgg8kicmcvivwmybwjlpf7wh20l-graalvm17-ce-22.3.0/lib/libnet.so
7f16b4079000-7f16b407a000 rw-p 00016000 00:a7c 4611686019135192570       /nix/store/gpxl5qgg8kicmcvivwmybwjlpf7wh20l-graalvm17-ce-22.3.0/lib/libnet.so
7f16b407a000-7f16b407d000 rw-p 0001b000 00:a7c 4611686019135192570       /nix/store/gpxl5qgg8kicmcvivwmybwjlpf7wh20l-graalvm17-ce-22.3.0/lib/libnet.so
7f16b407d000-7f16b4090000 r-xp 00000000 00:a7c 4611686019135192571       /nix/store/gpxl5qgg8kicmcvivwmybwjlpf7wh20l-graalvm17-ce-22.3.0/lib/libnio.so
7f16b4090000-7f16b4091000 r--p 00012000 00:a7c 4611686019135192571       /nix/store/gpxl5qgg8kicmcvivwmybwjlpf7wh20l-graalvm17-ce-22.3.0/lib/libnio.so
7f16b4091000-7f16b4092000 rw-p 00013000 00:a7c 4611686019135192571       /nix/store/gpxl5qgg8kicmcvivwmybwjlpf7wh20l-graalvm17-ce-22.3.0/lib/libnio.so
7f16b4092000-7f16b4097000 rw-p 00019000 00:a7c 4611686019135192571       /nix/store/gpxl5qgg8kicmcvivwmybwjlpf7wh20l-graalvm17-ce-22.3.0/lib/libnio.so
7f16b4097000-7f16b566c000 rw-p 00000000 00:00 0 
7f16b566c000-7f16b566d000 ---p 00000000 00:00 0 
7f16b566d000-7f16b5818000 rw-p 00000000 00:00 0 
7f16b5818000-7f16b5835000 rw-p 00000000 00:00 0 
7f16b5835000-7f16b586e000 ---p 00000000 00:00 0 
7f16b586e000-7f16b5875000 rw-p 00000000 00:00 0 
7f16b5875000-7f16b595a000 ---p 00000000 00:00 0 
7f16b595a000-7f16b5979000 rw-p 00000000 00:00 0 
7f16b5979000-7f16b5a45000 ---p 00000000 00:00 0 
7f16b5a45000-7f16b5a4a000 rw-p 00000000 00:00 0 
7f16b5a4a000-7f16b5a51000 ---p 00000000 00:00 0 
7f16b5a51000-7f16b5a75000 r-xp 00000000 00:a7c 4611686019135190028       /nix/store/gpxl5qgg8kicmcvivwmybwjlpf7wh20l-graalvm17-ce-22.3.0/lib/libjava.so
7f16b5a75000-7f16b5a76000 ---p 00024000 00:a7c 4611686019135190028       /nix/store/gpxl5qgg8kicmcvivwmybwjlpf7wh20l-graalvm17-ce-22.3.0/lib/libjava.so
7f16b5a76000-7f16b5a77000 r--p 00024000 00:a7c 4611686019135190028       /nix/store/gpxl5qgg8kicmcvivwmybwjlpf7wh20l-graalvm17-ce-22.3.0/lib/libjava.so
7f16b5a77000-7f16b5a78000 rw-p 00025000 00:a7c 4611686019135190028       /nix/store/gpxl5qgg8kicmcvivwmybwjlpf7wh20l-graalvm17-ce-22.3.0/lib/libjava.so
7f16b5a78000-7f16b5a79000 rw-p 00000000 00:00 0 
7f16b5a79000-7f16b5a80000 rw-p 0002f000 00:a7c 4611686019135190028       /nix/store/gpxl5qgg8kicmcvivwmybwjlpf7wh20l-graalvm17-ce-22.3.0/lib/libjava.so
7f16b5a80000-7f16b5a88000 rw-s 00000000 00:77b 361                       /tmp/hsperfdata_runner/28
7f16b5a88000-7f16b5a89000 ---p 00000000 00:00 0 
7f16b5a89000-7f16b5a8a000 r--p 00000000 00:00 0 
7f16b5a8a000-7f16b5a8b000 rwxp 00000000 00:00 0 
7f16b5a8b000-7f16b5aa6000 r-xp 00000000 00:a7c 4611686019135190032       /nix/store/gpxl5qgg8kicmcvivwmybwjlpf7wh20l-graalvm17-ce-22.3.0/lib/libjimage.so
7f16b5aa6000-7f16b5aa7000 ---p 0001b000 00:a7c 4611686019135190032       /nix/store/gpxl5qgg8kicmcvivwmybwjlpf7wh20l-graalvm17-ce-22.3.0/lib/libjimage.so
7f16b5aa7000-7f16b5aa9000 r--p 0001b000 00:a7c 4611686019135190032       /nix/store/gpxl5qgg8kicmcvivwmybwjlpf7wh20l-graalvm17-ce-22.3.0/lib/libjimage.so
7f16b5aa9000-7f16b5aaa000 rw-p 0001d000 00:a7c 4611686019135190032       /nix/store/gpxl5qgg8kicmcvivwmybwjlpf7wh20l-graalvm17-ce-22.3.0/lib/libjimage.so
7f16b5aaa000-7f16b5aab000 rw-p 00024000 00:a7c 4611686019135190032       /nix/store/gpxl5qgg8kicmcvivwmybwjlpf7wh20l-graalvm17-ce-22.3.0/lib/libjimage.so
7f16b5aab000-7f16b5aaf000 ---p 00000000 00:00 0 
7f16b5aaf000-7f16b5bab000 rw-p 00000000 00:00 0 
7f16b5bab000-7f16b5bb9000 r--p 00000000 00:a7c 4611686019027979927       /nix/store/4nlgxhb09sdr51nc9hdm8az5b08vzkgx-glibc-2.35-163/lib/libm.so.6
7f16b5bb9000-7f16b5c2c000 r-xp 0000e000 00:a7c 4611686019027979927       /nix/store/4nlgxhb09sdr51nc9hdm8az5b08vzkgx-glibc-2.35-163/lib/libm.so.6
7f16b5c2c000-7f16b5c89000 r--p 00081000 00:a7c 4611686019027979927       /nix/store/4nlgxhb09sdr51nc9hdm8az5b08vzkgx-glibc-2.35-163/lib/libm.so.6
7f16b5c89000-7f16b5c8a000 r--p 000dd000 00:a7c 4611686019027979927       /nix/store/4nlgxhb09sdr51nc9hdm8az5b08vzkgx-glibc-2.35-163/lib/libm.so.6
7f16b5c8a000-7f16b5c8b000 rw-p 000de000 00:a7c 4611686019027979927       /nix/store/4nlgxhb09sdr51nc9hdm8az5b08vzkgx-glibc-2.35-163/lib/libm.so.6
7f16b5c8b000-7f16b5c8c000 r--p 00000000 00:a7c 4611686019027979946       /nix/store/4nlgxhb09sdr51nc9hdm8az5b08vzkgx-glibc-2.35-163/lib/librt.so.1
7f16b5c8c000-7f16b5c8d000 r-xp 00001000 00:a7c 4611686019027979946       /nix/store/4nlgxhb09sdr51nc9hdm8az5b08vzkgx-glibc-2.35-163/lib/librt.so.1
7f16b5c8d000-7f16b5c8e000 r--p 00002000 00:a7c 4611686019027979946       /nix/store/4nlgxhb09sdr51nc9hdm8az5b08vzkgx-glibc-2.35-163/lib/librt.so.1
7f16b5c8e000-7f16b5c8f000 r--p 00002000 00:a7c 4611686019027979946       /nix/store/4nlgxhb09sdr51nc9hdm8az5b08vzkgx-glibc-2.35-163/lib/librt.so.1
7f16b5c8f000-7f16b5c90000 rw-p 00003000 00:a7c 4611686019027979946       /nix/store/4nlgxhb09sdr51nc9hdm8az5b08vzkgx-glibc-2.35-163/lib/librt.so.1
7f16b5c90000-7f16b6da3000 r-xp 00000000 00:a7c 4611686019135360866       /nix/store/gpxl5qgg8kicmcvivwmybwjlpf7wh20l-graalvm17-ce-22.3.0/lib/server/libjvm.so
7f16b6da3000-7f16b6da4000 ---p 01113000 00:a7c 4611686019135360866       /nix/store/gpxl5qgg8kicmcvivwmybwjlpf7wh20l-graalvm17-ce-22.3.0/lib/server/libjvm.so
7f16b6da4000-7f16b6e59000 r--p 01113000 00:a7c 4611686019135360866       /nix/store/gpxl5qgg8kicmcvivwmybwjlpf7wh20l-graalvm17-ce-22.3.0/lib/server/libjvm.so
7f16b6e59000-7f16b6e8d000 rw-p 011c8000 00:a7c 4611686019135360866       /nix/store/gpxl5qgg8kicmcvivwmybwjlpf7wh20l-graalvm17-ce-22.3.0/lib/server/libjvm.so
7f16b6e8d000-7f16b6ee9000 rw-p 00000000 00:00 0 
7f16b6ee9000-7f16b6f11000 r--p 00000000 00:a7c 4611686019027979918       /nix/store/4nlgxhb09sdr51nc9hdm8az5b08vzkgx-glibc-2.35-163/lib/libc.so.6
7f16b6f11000-7f16b7087000 r-xp 00028000 00:a7c 4611686019027979918       /nix/store/4nlgxhb09sdr51nc9hdm8az5b08vzkgx-glibc-2.35-163/lib/libc.so.6
7f16b7087000-7f16b70df000 r--p 0019e000 00:a7c 4611686019027979918       /nix/store/4nlgxhb09sdr51nc9hdm8az5b08vzkgx-glibc-2.35-163/lib/libc.so.6
7f16b70df000-7f16b70e3000 r--p 001f6000 00:a7c 4611686019027979918       /nix/store/4nlgxhb09sdr51nc9hdm8az5b08vzkgx-glibc-2.35-163/lib/libc.so.6
7f16b70e3000-7f16b70e5000 rw-p 001fa000 00:a7c 4611686019027979918       /nix/store/4nlgxhb09sdr51nc9hdm8az5b08vzkgx-glibc-2.35-163/lib/libc.so.6
7f16b70e5000-7f16b70f4000 rw-p 00000000 00:00 0 
7f16b70f4000-7f16b70f5000 r--p 00000000 00:a7c 4611686019027979923       /nix/store/4nlgxhb09sdr51nc9hdm8az5b08vzkgx-glibc-2.35-163/lib/libdl.so.2
7f16b70f5000-7f16b70f6000 r-xp 00001000 00:a7c 4611686019027979923       /nix/store/4nlgxhb09sdr51nc9hdm8az5b08vzkgx-glibc-2.35-163/lib/libdl.so.2
7f16b70f6000-7f16b70f7000 r--p 00002000 00:a7c 4611686019027979923       /nix/store/4nlgxhb09sdr51nc9hdm8az5b08vzkgx-glibc-2.35-163/lib/libdl.so.2
7f16b70f7000-7f16b70f8000 r--p 00002000 00:a7c 4611686019027979923       /nix/store/4nlgxhb09sdr51nc9hdm8az5b08vzkgx-glibc-2.35-163/lib/libdl.so.2
7f16b70f8000-7f16b70f9000 rw-p 00003000 00:a7c 4611686019027979923       /nix/store/4nlgxhb09sdr51nc9hdm8az5b08vzkgx-glibc-2.35-163/lib/libdl.so.2
7f16b70f9000-7f16b70fa000 r--p 00000000 00:a7c 4611686019027979942       /nix/store/4nlgxhb09sdr51nc9hdm8az5b08vzkgx-glibc-2.35-163/lib/libpthread.so.0
7f16b70fa000-7f16b70fb000 r-xp 00001000 00:a7c 4611686019027979942       /nix/store/4nlgxhb09sdr51nc9hdm8az5b08vzkgx-glibc-2.35-163/lib/libpthread.so.0
7f16b70fb000-7f16b70fc000 r--p 00002000 00:a7c 4611686019027979942       /nix/store/4nlgxhb09sdr51nc9hdm8az5b08vzkgx-glibc-2.35-163/lib/libpthread.so.0
7f16b70fc000-7f16b70fd000 r--p 00002000 00:a7c 4611686019027979942       /nix/store/4nlgxhb09sdr51nc9hdm8az5b08vzkgx-glibc-2.35-163/lib/libpthread.so.0
7f16b70fd000-7f16b70fe000 rw-p 00003000 00:a7c 4611686019027979942       /nix/store/4nlgxhb09sdr51nc9hdm8az5b08vzkgx-glibc-2.35-163/lib/libpthread.so.0
7f16b70fe000-7f16b710c000 r-xp 00000000 00:a7c 4611686019135190033       /nix/store/gpxl5qgg8kicmcvivwmybwjlpf7wh20l-graalvm17-ce-22.3.0/lib/libjli.so
7f16b710c000-7f16b710d000 ---p 0000e000 00:a7c 4611686019135190033       /nix/store/gpxl5qgg8kicmcvivwmybwjlpf7wh20l-graalvm17-ce-22.3.0/lib/libjli.so
7f16b710d000-7f16b710e000 r--p 0000e000 00:a7c 4611686019135190033       /nix/store/gpxl5qgg8kicmcvivwmybwjlpf7wh20l-graalvm17-ce-22.3.0/lib/libjli.so
7f16b710e000-7f16b710f000 rw-p 0000f000 00:a7c 4611686019135190033       /nix/store/gpxl5qgg8kicmcvivwmybwjlpf7wh20l-graalvm17-ce-22.3.0/lib/libjli.so
7f16b710f000-7f16b7110000 rw-p 00012000 00:a7c 4611686019135190033       /nix/store/gpxl5qgg8kicmcvivwmybwjlpf7wh20l-graalvm17-ce-22.3.0/lib/libjli.so
7f16b7110000-7f16b7113000 r--p 00000000 00:a7c 4611686019106210071       /nix/store/026hln0aq1hyshaxsdvhg0kmcm6yf45r-zlib-1.2.13/lib/libz.so.1.2.13
7f16b7113000-7f16b7125000 r-xp 00003000 00:a7c 4611686019106210071       /nix/store/026hln0aq1hyshaxsdvhg0kmcm6yf45r-zlib-1.2.13/lib/libz.so.1.2.13
7f16b7125000-7f16b712c000 r--p 00015000 00:a7c 4611686019106210071       /nix/store/026hln0aq1hyshaxsdvhg0kmcm6yf45r-zlib-1.2.13/lib/libz.so.1.2.13
7f16b712c000-7f16b712d000 r--p 0001b000 00:a7c 4611686019106210071       /nix/store/026hln0aq1hyshaxsdvhg0kmcm6yf45r-zlib-1.2.13/lib/libz.so.1.2.13
7f16b712d000-7f16b712e000 rw-p 0001c000 00:a7c 4611686019106210071       /nix/store/026hln0aq1hyshaxsdvhg0kmcm6yf45r-zlib-1.2.13/lib/libz.so.1.2.13
7f16b712e000-7f16b7130000 rw-p 00000000 00:00 0 
7f16b7130000-7f16b7132000 r--p 00000000 00:a7c 4611686019027979912       /nix/store/4nlgxhb09sdr51nc9hdm8az5b08vzkgx-glibc-2.35-163/lib/ld-linux-x86-64.so.2
7f16b7132000-7f16b7159000 r-xp 00002000 00:a7c 4611686019027979912       /nix/store/4nlgxhb09sdr51nc9hdm8az5b08vzkgx-glibc-2.35-163/lib/ld-linux-x86-64.so.2
7f16b7159000-7f16b7165000 r--p 00029000 00:a7c 4611686019027979912       /nix/store/4nlgxhb09sdr51nc9hdm8az5b08vzkgx-glibc-2.35-163/lib/ld-linux-x86-64.so.2
7f16b7165000-7f16b7167000 r--p 00034000 00:a7c 4611686019027979912       /nix/store/4nlgxhb09sdr51nc9hdm8az5b08vzkgx-glibc-2.35-163/lib/ld-linux-x86-64.so.2
7f16b7167000-7f16b7169000 rw-p 00036000 00:a7c 4611686019027979912       /nix/store/4nlgxhb09sdr51nc9hdm8az5b08vzkgx-glibc-2.35-163/lib/ld-linux-x86-64.so.2
7fff4527f000-7fff452a3000 rw-p 00000000 00:00 0                          [stack]
7fff45348000-7fff4534c000 r--p 00000000 00:00 0                          [vvar]
7fff4534c000-7fff4534e000 r-xp 00000000 00:00 0                          [vdso]
ffffffffff600000-ffffffffff601000 --xp 00000000 00:00 0                  [vsyscall]


VM Arguments:
jvm_args: -XX:ThreadPriorityPolicy=1 -XX:+UnlockExperimentalVMOptions -XX:+EnableJVMCIProduct -XX:JVMCIThreadsPerNativeLibraryRuntime=1 -XX:-UnlockExperimentalVMOptions -Declipse.application=org.eclipse.jdt.ls.core.id1 -Dosgi.bundles.defaultStartLevel=4 -Declipse.product=org.eclipse.jdt.ls.core.product -Dlog.level=ALL -Xverify:none -XX:+UseParallelGC -XX:GCTimeRatio=4 -XX:AdaptiveSizePolicyWeight=90 -Dsun.zip.disableMemoryMapping=true -Xmx512m -Xms100m 
java_command: /nix/store/m6gcpi1ii6rghy04cjwjddcavv7i90df-jdt-language-server-1.9.0/share/java/plugins/org.eclipse.equinox.launcher_1.6.400.v20210924-0641.jar --add-modules=ALL-SYSTEM --add-opens java.base/java.util=ALL-UNNAMED --add-opens java.base/java.lang=ALL-UNNAMED -configuration /home/runner/.cache/jdt-language-server/config -data /home/runner/.cache/jdt-language-server/data/home/runner/AlgoBuild
java_class_path (initial): /nix/store/m6gcpi1ii6rghy04cjwjddcavv7i90df-jdt-language-server-1.9.0/share/java/plugins/org.eclipse.equinox.launcher_1.6.400.v20210924-0641.jar
Launcher Type: SUN_STANDARD

[Global flags]
    uintx AdaptiveSizePolicyWeight                 = 90                                        {product} {command line}
     intx CICompilerCount                          = 2                                         {product} {ergonomic}
     bool EnableJVMCIProduct                       = true                                {JVMCI product} {jimage}
    uintx GCTimeRatio                              = 4                                         {product} {command line}
   size_t InitialHeapSize                          = 104857600                                 {product} {command line}
     uint JVMCIThreadsPerNativeLibraryRuntime      = 1                                   {JVMCI product} {jimage}
   size_t MaxHeapSize                              = 536870912                                 {product} {command line}
   size_t MaxNewSize                               = 178782208                                 {product} {ergonomic}
   size_t MinHeapDeltaBytes                        = 524288                                    {product} {ergonomic}
   size_t MinHeapSize                              = 104857600                                 {product} {command line}
   size_t NewSize                                  = 34603008                                  {product} {ergonomic}
    uintx NonNMethodCodeHeapSize                   = 5826188                                {pd product} {ergonomic}
    uintx NonProfiledCodeHeapSize                  = 122916026                              {pd product} {ergonomic}
   size_t OldSize                                  = 70254592                                  {product} {ergonomic}
    uintx ProfiledCodeHeapSize                     = 122916026                              {pd product} {ergonomic}
    uintx ReservedCodeCacheSize                    = 251658240                              {pd product} {ergonomic}
     bool SegmentedCodeCache                       = true                                      {product} {ergonomic}
   size_t SoftMaxHeapSize                          = 536870912                              {manageable} {ergonomic}
     intx ThreadPriorityPolicy                     = 1                                         {product} {jimage}
     bool UseCompressedClassPointers               = true                           {product lp64_product} {ergonomic}
     bool UseCompressedOops                        = true                           {product lp64_product} {ergonomic}
     bool UseParallelGC                            = true                                      {product} {command line}

Logging:
Log output configuration:
 #0: stdout all=warning uptime,level,tags
 #1: stderr all=off uptime,level,tags

Environment Variables:
JAVA_HOME=/nix/store/gpxl5qgg8kicmcvivwmybwjlpf7wh20l-graalvm17-ce-22.3.0
PATH=/nix/store/1d6ian3r8kdzspw8hacjhl3xkp40g1lj-binutils-wrapper-2.39/bin:/nix/store/dq0xwmsk1g0i2ayg6pb7y87na2knzylh-gcc-wrapper-11.3.0/bin:/nix/store/bap4d0lpcrhpwmpb8ayjcgkmvfj62lnq-bash-interactive-5.1-p16/bin:/nix/store/pr5n59mb4jzmfx6kanwxly0l07p861fg-patchelf-0.15.0/bin:/nix/store/1gf2flfqnpqbr1b4p4qz2f72y42bs56r-gcc-11.3.0/bin:/nix/store/57xv61c5zi8pphjbcwxxjlgc34p61ic9-glibc-2.35-163-bin/bin:/nix/store/a7gvj343m05j2s32xcnwr35v31ynlypr-coreutils-9.1/bin:/nix/store/039g378vc3pc3dvi9dzdlrd0i4q93qwf-binutils-2.39/bin:/nix/store/gpxl5qgg8kicmcvivwmybwjlpf7wh20l-graalvm17-ce-22.3.0/bin:/nix/store/6z9ag3ihc8mq2hzsw48lhbznvzny65nz-apache-maven-3.8.6/bin:/nix/store/m6gcpi1ii6rghy04cjwjddcavv7i90df-jdt-language-server-1.9.0/bin:/nix/store/84xs5alhs01zrbr4ywm05kxbjbp5590l-java-debug/bin:/nix/store/mydc6f4k2z73xlcz7ilif3v2lcaiqvza-findutils-4.9.0/bin:/nix/store/j9p3g8472iijd50vhdprx0nmk2fqn5gv-diffutils-3.8/bin:/nix/store/89zs7rms6x00xfq4dq6m7mjnhkr8a6r4-gnused-4.8/bin:/nix/store/86bp03jkmsl6f92w0yzg4s59g5mhxwmy-gnugrep-3.7/bin:/nix/store/hwcdqw4jrjnd37wxqgsd47hd0j8bnj09-gawk-5.1.1/bin:/nix/store/cfbhw8r8ags41vwqaz47r583d0p4h4a1-gnutar-1.34/bin:/nix/store/p3m1ndl1lapwrlh698bnb5lvvxh67378-gzip-1.12/bin:/nix/store/a8mhcagrsly7c7mpjrpsnaahk4aax056-bzip2-1.0.8-bin/bin:/nix/store/mblgz65m3zv9x548a3d5m96fj2pbwr09-gnumake-4.3/bin:/nix/store/dsd5gz46hdbdk2rfdimqddhq6m8m8fqs-bash-5.1-p16/bin:/nix/store/v7ljksji50mg3w61dykaa3n3y79n6nil-patch-2.7.6/bin:/nix/store/zlcnmqq14jz5x9439jf937mvayyl63da-xz-5.2.7-bin/bin:/nix/store/y6aj732zm9m87c82fpvf103a1xb22blp-file-5.43/bin:/nix/store/i4kzir3m7mrisxmf5xvlnkw01x4qaqr4-prybar-elisp-0.0.0-e0d9a52/bin:/nix/store/lwwivxf6h7x3cvxp9zv8sj0mv7dak99r-prybar-lua-0.0.0-e0d9a52/bin:/nix/store/gxj28g1cg4hq3qanmjv07156h800qr58-prybar-python3-0.0.0-e0d9a52/bin:/nix/store/hshkjnxrgidigf8x75vg6lqng2xlx9i3-prybar-sqlite-0.0.0-e0d9a52/bin:/nix/store/c4w01bpjgyy5ixmwdk8m1pw87zq4sl26-prybar-tcl-0.0.0-e0d9a52/bin:/nix/store/hpbvrlwd5viqmvcaisb3x0118i913a9n-st
LD_LIBRARY_PATH=/nix/store/a4pff549sk2idnkpzk5nsfps3mdkdnvm-cups-2.4.2-lib/lib:/nix/store/72mqxxhh3cy5yifh92wh2yb8cl2hikyy-cairo-1.16.0/lib:/nix/store/2k366jrbsra97gjfxwvrhvixjfxdach5-glib-2.74.1/lib:/nix/store/2j2znigd8ak37rlwh9khz0ry3clqlw1l-gtk+3-3.24.34/lib:/nix/store/hisqvx32cd57apbpcsnkpx6k3549wql1-libglvnd-1.4.0/lib:/nix/store/p36pgcv991mq5srvg765b78yqpxvk3qs-mesa-21.3.3-drivers/lib:/nix/store/mav4251if1ahjq5vkpwycyyvnmy459c4-pulseaudio-14.2/lib
DISPLAY=:0
LANG=en_US.UTF-8

Signal Handlers:
   SIGSEGV: crash_handler in libjvm.so, mask=11100100010111111101111111111110, flags=SA_RESTART|SA_SIGINFO
    SIGBUS: crash_handler in libjvm.so, mask=11100100010111111101111111111110, flags=SA_RESTART|SA_SIGINFO
    SIGFPE: crash_handler in libjvm.so, mask=11100100010111111101111111111110, flags=SA_RESTART|SA_SIGINFO
   SIGPIPE: IsolateEnterStub_IgnoreSIGPIPEStartupHook_noopSignalHandler_8f19bff2f35b5f630d83b364d6b2339320d4ec70_216e8361c6bc87a8f89f58cc10d3b2fd4415bf87 in libjvmcicompiler.so, mask=00000000000000000000000000000000, flags=SA_RESTART
  *** Handler was modified!
  *** Expected: javaSignalHandler in libjvm.so, mask=11100100110111111111111111111110, flags=SA_RESTART|SA_SIGINFO
   SIGXFSZ: javaSignalHandler in libjvm.so, mask=11100100010111111101111111111110, flags=SA_RESTART|SA_SIGINFO
    SIGILL: crash_handler in libjvm.so, mask=11100100010111111101111111111110, flags=SA_RESTART|SA_SIGINFO
   SIGUSR2: SR_handler in libjvm.so, mask=00000000000000000000000000000000, flags=SA_RESTART|SA_SIGINFO
    SIGHUP: UserHandler in libjvm.so, mask=11100100010111111101111111111110, flags=SA_RESTART|SA_SIGINFO
    SIGINT: UserHandler in libjvm.so, mask=11100100010111111101111111111110, flags=SA_RESTART|SA_SIGINFO
   SIGTERM: UserHandler in libjvm.so, mask=11100100010111111101111111111110, flags=SA_RESTART|SA_SIGINFO
   SIGQUIT: UserHandler in libjvm.so, mask=11100100010111111101111111111110, flags=SA_RESTART|SA_SIGINFO
  *** Handler was modified!
  *** Expected: javaSignalHandler in libjvm.so, mask=11100100110111111111111111111110, flags=SA_RESTART|SA_SIGINFO
   SIGTRAP: crash_handler in libjvm.so, mask=11100100010111111101111111111110, flags=SA_RESTART|SA_SIGINFO


---------------  S Y S T E M  ---------------

OS:
DISTRIB_ID=Ubuntu
DISTRIB_RELEASE=20.04
DISTRIB_CODENAME=focal
DISTRIB_DESCRIPTION="Ubuntu 20.04.2 LTS"
uname: Linux 5.19.0-1024-gcp #26~22.04.1-Ubuntu SMP Mon May 15 08:59:20 UTC 2023 x86_64
OS uptime: 0 days 7:48 hours
libc: glibc 2.35 NPTL 2.35 
rlimit (soft/hard): STACK 8192k/infinity , CORE infinity/infinity , NPROC infinity/infinity , NOFILE 5242/5242 , AS infinity/infinity , CPU infinity/infinity , DATA infinity/infinity , FSIZE infinity/infinity , MEMLOCK 8192k/8192k
load average: 9.97 10.79 10.94

/proc/meminfo:
MemTotal:       65852244 kB
MemFree:        19265480 kB
MemAvailable:   45702268 kB
Buffers:         2871932 kB
Cached:         22168332 kB
SwapCached:            0 kB
Active:          9631452 kB
Inactive:       32999816 kB
Active(anon):      12832 kB
Inactive(anon): 17339724 kB
Active(file):    9618620 kB
Inactive(file): 15660092 kB
Unevictable:       55740 kB
Mlocked:           55740 kB
SwapTotal:             0 kB
SwapFree:              0 kB
Zswap:                 0 kB
Zswapped:              0 kB
Dirty:            195464 kB
Writeback:             0 kB
AnonPages:      17091252 kB
Mapped:          1773016 kB
Shmem:             23592 kB
KReclaimable:    1884676 kB
Slab:            2926648 kB
SReclaimable:    1884676 kB
SUnreclaim:      1041972 kB
KernelStack:      407868 kB
PageTables:       166068 kB
NFS_Unstable:          0 kB
Bounce:                0 kB
WritebackTmp:          0 kB
CommitLimit:    32926120 kB
Committed_AS:   59711580 kB
VmallocTotal:   34359738367 kB
VmallocUsed:      443976 kB
VmallocChunk:          0 kB
Percpu:            50656 kB
HardwareCorrupted:     0 kB
AnonHugePages:   4407296 kB
ShmemHugePages:        0 kB
ShmemPmdMapped:        0 kB
FileHugePages:         0 kB
FilePmdMapped:         0 kB
HugePages_Total:       0
HugePages_Free:        0
HugePages_Rsvd:        0
HugePages_Surp:        0
Hugepagesize:       2048 kB
Hugetlb:               0 kB
DirectMap4k:     5239608 kB
DirectMap2M:    39845888 kB
DirectMap1G:    24117248 kB

/sys/kernel/mm/transparent_hugepage/enabled: always [madvise] never
/sys/kernel/mm/transparent_hugepage/defrag (defrag/compaction efforts parameter): always defer defer+madvise [madvise] never

Process Memory:
Virtual Size: 4855420K (peak: 4904764K)
Resident Set Size: 748532K (peak: 784272K) (anon: 552332K, file: 196200K, shmem: 0K)
Swapped out: 0K
C-Heap outstanding allocations: 43402K, retained: 11957K
glibc malloc tunables: (default)

/proc/sys/kernel/threads-max (system-wide limit on the number of threads): 514406
/proc/sys/vm/max_map_count (maximum number of memory map areas a process may have): 65530
/proc/sys/kernel/pid_max (system-wide limit on number of process identifiers): 4194304

container (cgroup) information:
container_type: cgroupv1
cpu_cpuset_cpus: 2-7
cpu_memory_nodes: 0
active_processor_count: 1
cpu_quota: 50000
cpu_period: 100000
cpu_shares: 512
memory_limit_in_bytes: 1048576 k
memory_and_swap_limit_in_bytes: 1048576 k
memory_soft_limit_in_bytes: 524288 k
memory_usage_in_bytes: 763552 k
memory_max_usage_in_bytes: 803464 k
maximum number of tasks: 1000
current number of tasks: 75

KVM virtualization detected
Steal ticks since vm start: 0
Steal ticks percentage since vm start:  0.000

CPU: total 8 (initial active 1) (8 cores per cpu, 2 threads per core) family 23 model 49 stepping 0 microcode 0xffffffff, cx8, cmov, fxsr, ht, mmx, 3dnowpref, sse, sse2, sse3, ssse3, sse4a, sse4.1, sse4.2, popcnt, lzcnt, tsc, tscinvbit, avx, avx2, aes, clmul, bmi1, bmi2, adx, sha, fma, vzeroupper, clflush, clflushopt, hv
CPU Model and flags from /proc/cpuinfo:
model name	: AMD EPYC 7B12
flags		: fpu vme de pse tsc msr pae mce cx8 apic sep mtrr pge mca cmov pat pse36 clflush mmx fxsr sse sse2 ht syscall nx mmxext fxsr_opt pdpe1gb rdtscp lm constant_tsc rep_good nopl nonstop_tsc cpuid extd_apicid tsc_known_freq pni pclmulqdq ssse3 fma cx16 sse4_1 sse4_2 movbe popcnt aes xsave avx f16c rdrand hypervisor lahf_lm cmp_legacy cr8_legacy abm sse4a misalignsse 3dnowprefetch osvw topoext ssbd ibrs ibpb stibp vmmcall fsgsbase tsc_adjust bmi1 avx2 smep bmi2 rdseed adx smap clflushopt clwb sha_ni xsaveopt xsavec xgetbv1 clzero xsaveerptr arat npt nrip_save umip rdpid

Online cpus: 0-7
Offline cpus: 
BIOS frequency limitation: <Not Available>
Frequency switch latency (ns): <Not Available>
Available cpu frequencies: <Not Available>
Current governor: <Not Available>
Core performance/turbo boost: <Not Available>

Memory: 4k page, physical 1048576k(285012k free), swap 0k(0k free)
Page Sizes: 4k

vm_info: OpenJDK 64-Bit Server VM (17.0.5+8-jvmci-22.3-b08) for linux-amd64 JRE (17.0.5+8-jvmci-22.3-b08), built on Oct 19 2022 09:01:27 by "buildslave" with gcc 10.3.0

END.
